nohup: ignoring input
cid:  1534680068
http://comment.bilibili.com/1534680068.xml
cid:  1533969297
http://comment.bilibili.com/1533969297.xml
cid:  1532292980
http://comment.bilibili.com/1532292980.xml
cid:  1531253622
http://comment.bilibili.com/1531253622.xml
cid:  1533257953
http://comment.bilibili.com/1533257953.xml
cid:  1533091283
http://comment.bilibili.com/1533091283.xml
cid:  1533231808
http://comment.bilibili.com/1533231808.xml
cid:  1530919744
http://comment.bilibili.com/1530919744.xml
cid:  1534124964
http://comment.bilibili.com/1534124964.xml
cid:  1533546070
http://comment.bilibili.com/1533546070.xml
cid:  1525514813
http://comment.bilibili.com/1525514813.xml
cid:  1533609461
http://comment.bilibili.com/1533609461.xml
cid:  1534216584
http://comment.bilibili.com/1534216584.xml
cid:  1532185640
http://comment.bilibili.com/1532185640.xml
cid:  1533712328
http://comment.bilibili.com/1533712328.xml
cid:  1533539418
http://comment.bilibili.com/1533539418.xml
cid:  1532530094
http://comment.bilibili.com/1532530094.xml
cid:  1533838983
http://comment.bilibili.com/1533838983.xml
cid:  1532106296
http://comment.bilibili.com/1532106296.xml
cid:  1534447555
http://comment.bilibili.com/1534447555.xml
cid:  1533434651
http://comment.bilibili.com/1533434651.xml
cid:  1533548730
http://comment.bilibili.com/1533548730.xml
cid:  1533813442
http://comment.bilibili.com/1533813442.xml
cid:  1532057846
http://comment.bilibili.com/1532057846.xml
cid:  1533137723
http://comment.bilibili.com/1533137723.xml
cid:  1534175063
http://comment.bilibili.com/1534175063.xml
cid:  1531005824
http://comment.bilibili.com/1531005824.xml
cid:  1533624136
http://comment.bilibili.com/1533624136.xml
cid:  1533453159
http://comment.bilibili.com/1533453159.xml
cid:  1533665717
http://comment.bilibili.com/1533665717.xml
cid:  1530646617
http://comment.bilibili.com/1530646617.xml
cid:  1532095174
http://comment.bilibili.com/1532095174.xml
cid:  1533066703
http://comment.bilibili.com/1533066703.xml
cid:  1532129877
http://comment.bilibili.com/1532129877.xml
cid:  1533817467
http://comment.bilibili.com/1533817467.xml
cid:  1533702763
http://comment.bilibili.com/1533702763.xml
cid:  1533259726
http://comment.bilibili.com/1533259726.xml
cid:  1533382629
http://comment.bilibili.com/1533382629.xml
cid:  1534114051
http://comment.bilibili.com/1534114051.xml
cid:  1532946583
http://comment.bilibili.com/1532946583.xml
cid:  1530554694
http://comment.bilibili.com/1530554694.xml
cid:  1533300586
http://comment.bilibili.com/1533300586.xml
cid:  1532132517
http://comment.bilibili.com/1532132517.xml
cid:  1533055735
http://comment.bilibili.com/1533055735.xml
cid:  1532146797
http://comment.bilibili.com/1532146797.xml
cid:  1520106904
http://comment.bilibili.com/1520106904.xml
cid:  1532221001
http://comment.bilibili.com/1532221001.xml
cid:  1532073780
http://comment.bilibili.com/1532073780.xml
cid:  1532462554
http://comment.bilibili.com/1532462554.xml
cid:  1531790921
http://comment.bilibili.com/1531790921.xml
cid:  1532728457
http://comment.bilibili.com/1532728457.xml
cid:  1533255120
http://comment.bilibili.com/1533255120.xml
cid:  1533494415
http://comment.bilibili.com/1533494415.xml
cid:  1533901607
http://comment.bilibili.com/1533901607.xml
cid:  1533315651
http://comment.bilibili.com/1533315651.xml
cid:  1533543416
http://comment.bilibili.com/1533543416.xml
cid:  1533987183
http://comment.bilibili.com/1533987183.xml
cid:  1533731295
http://comment.bilibili.com/1533731295.xml
cid:  1532110352
http://comment.bilibili.com/1532110352.xml
cid:  1529696116
http://comment.bilibili.com/1529696116.xml
cid:  1533142330
http://comment.bilibili.com/1533142330.xml
cid:  1533673842
http://comment.bilibili.com/1533673842.xml
cid:  1533341870
http://comment.bilibili.com/1533341870.xml
cid:  1528289589
http://comment.bilibili.com/1528289589.xml
cid:  1530832846
http://comment.bilibili.com/1530832846.xml
cid:  1532323241
http://comment.bilibili.com/1532323241.xml
cid:  1533660888
http://comment.bilibili.com/1533660888.xml
cid:  1532495493
http://comment.bilibili.com/1532495493.xml
cid:  1533406919
http://comment.bilibili.com/1533406919.xml
cid:  1525552153
http://comment.bilibili.com/1525552153.xml
cid:  1530645013
http://comment.bilibili.com/1530645013.xml
cid:  1532259834
http://comment.bilibili.com/1532259834.xml
cid:  1525719965
http://comment.bilibili.com/1525719965.xml
cid:  1533645789
http://comment.bilibili.com/1533645789.xml
cid:  1532315933
http://comment.bilibili.com/1532315933.xml
cid:  1532222608
http://comment.bilibili.com/1532222608.xml
cid:  1531271874
http://comment.bilibili.com/1531271874.xml
cid:  1528101335
http://comment.bilibili.com/1528101335.xml
cid:  1533388101
http://comment.bilibili.com/1533388101.xml
cid:  1525604523
http://comment.bilibili.com/1525604523.xml
cid:  1533932678
http://comment.bilibili.com/1533932678.xml
cid:  1529225766
http://comment.bilibili.com/1529225766.xml
cid:  1530583317
http://comment.bilibili.com/1530583317.xml
cid:  1530965646
http://comment.bilibili.com/1530965646.xml
cid:  1533742104
http://comment.bilibili.com/1533742104.xml
cid:  1532795538
http://comment.bilibili.com/1532795538.xml
cid:  1532115357
http://comment.bilibili.com/1532115357.xml
cid:  1533275521
http://comment.bilibili.com/1533275521.xml
cid:  1532552657
http://comment.bilibili.com/1532552657.xml
cid:  1529380256
http://comment.bilibili.com/1529380256.xml
cid:  1533466440
http://comment.bilibili.com/1533466440.xml
cid:  1532756082
http://comment.bilibili.com/1532756082.xml
cid:  1528166468
http://comment.bilibili.com/1528166468.xml
cid:  1533610181
http://comment.bilibili.com/1533610181.xml
cid:  1532282785
http://comment.bilibili.com/1532282785.xml
cid:  1529473741
http://comment.bilibili.com/1529473741.xml
cid:  1532001594
http://comment.bilibili.com/1532001594.xml
cid:  1530945622
http://comment.bilibili.com/1530945622.xml
cid:  1533346243
http://comment.bilibili.com/1533346243.xml
cid:  1532005901
http://comment.bilibili.com/1532005901.xml
cid:  1533564661
http://comment.bilibili.com/1533564661.xml
cid:  1521465734
http://comment.bilibili.com/1521465734.xml
cid:  1530797606
http://comment.bilibili.com/1530797606.xml
cid:  1528952846
http://comment.bilibili.com/1528952846.xml
cid:  1533979238
http://comment.bilibili.com/1533979238.xml
cid:  1533396924
http://comment.bilibili.com/1533396924.xml
cid:  1533678615
http://comment.bilibili.com/1533678615.xml
cid:  1533228154
http://comment.bilibili.com/1533228154.xml
cid:  1533117028
http://comment.bilibili.com/1533117028.xml
cid:  1530900901
http://comment.bilibili.com/1530900901.xml
cid:  1525523828
http://comment.bilibili.com/1525523828.xml
cid:  1529446282
http://comment.bilibili.com/1529446282.xml
cid:  1533430306
http://comment.bilibili.com/1533430306.xml
cid:  1530639064
http://comment.bilibili.com/1530639064.xml
cid:  1531165366
http://comment.bilibili.com/1531165366.xml
cid:  1533551341
http://comment.bilibili.com/1533551341.xml
cid:  1525521233
http://comment.bilibili.com/1525521233.xml
cid:  1529144116
http://comment.bilibili.com/1529144116.xml
cid:  1530752552
http://comment.bilibili.com/1530752552.xml
cid:  1533916869
http://comment.bilibili.com/1533916869.xml
cid:  1533622381
http://comment.bilibili.com/1533622381.xml
cid:  1533245572
http://comment.bilibili.com/1533245572.xml
cid:  1531835110
http://comment.bilibili.com/1531835110.xml
cid:  1533766440
http://comment.bilibili.com/1533766440.xml
cid:  1533637760
http://comment.bilibili.com/1533637760.xml
cid:  1525811343
http://comment.bilibili.com/1525811343.xml
cid:  1528896514
http://comment.bilibili.com/1528896514.xml
cid:  1532111911
http://comment.bilibili.com/1532111911.xml
cid:  1534584961
http://comment.bilibili.com/1534584961.xml
cid:  1528031284
http://comment.bilibili.com/1528031284.xml
cid:  1526321038
http://comment.bilibili.com/1526321038.xml
cid:  1533132783
http://comment.bilibili.com/1533132783.xml
cid:  1531050476
http://comment.bilibili.com/1531050476.xml
cid:  1532231145
http://comment.bilibili.com/1532231145.xml
cid:  1527934932
http://comment.bilibili.com/1527934932.xml
cid:  1529269726
http://comment.bilibili.com/1529269726.xml
cid:  1528318903
http://comment.bilibili.com/1528318903.xml
cid:  1525542848
http://comment.bilibili.com/1525542848.xml
cid:  1530960623
http://comment.bilibili.com/1530960623.xml
cid:  1532185928
http://comment.bilibili.com/1532185928.xml
cid:  1530990925
http://comment.bilibili.com/1530990925.xml
cid:  1533794206
http://comment.bilibili.com/1533794206.xml
cid:  1532229303
http://comment.bilibili.com/1532229303.xml
cid:  1533443045
http://comment.bilibili.com/1533443045.xml
cid:  1534520752
http://comment.bilibili.com/1534520752.xml
cid:  1532217099
http://comment.bilibili.com/1532217099.xml
cid:  1533440792
http://comment.bilibili.com/1533440792.xml
cid:  1532460112
http://comment.bilibili.com/1532460112.xml
cid:  1531388717
http://comment.bilibili.com/1531388717.xml
cid:  1530869208
http://comment.bilibili.com/1530869208.xml
cid:  1533584075
http://comment.bilibili.com/1533584075.xml
cid:  1533594441
http://comment.bilibili.com/1533594441.xml
cid:  1530175806
http://comment.bilibili.com/1530175806.xml
cid:  1532420721
http://comment.bilibili.com/1532420721.xml
cid:  1533679805
http://comment.bilibili.com/1533679805.xml
cid:  1533653904
http://comment.bilibili.com/1533653904.xml
cid:  1532325496
http://comment.bilibili.com/1532325496.xml
cid:  1528871798
http://comment.bilibili.com/1528871798.xml
cid:  1528307799
http://comment.bilibili.com/1528307799.xml
cid:  1533526081
http://comment.bilibili.com/1533526081.xml
cid:  1525474173
http://comment.bilibili.com/1525474173.xml
cid:  1529243848
http://comment.bilibili.com/1529243848.xml
cid:  1529580200
http://comment.bilibili.com/1529580200.xml
cid:  1532550714
http://comment.bilibili.com/1532550714.xml
cid:  1530496455
http://comment.bilibili.com/1530496455.xml
cid:  1534008861
http://comment.bilibili.com/1534008861.xml
cid:  1527624401
http://comment.bilibili.com/1527624401.xml
cid:  1532133367
http://comment.bilibili.com/1532133367.xml
cid:  1534555237
http://comment.bilibili.com/1534555237.xml
cid:  1531597919
http://comment.bilibili.com/1531597919.xml
cid:  1530860374
http://comment.bilibili.com/1530860374.xml
cid:  1529387511
http://comment.bilibili.com/1529387511.xml
cid:  1525129142
http://comment.bilibili.com/1525129142.xml
cid:  1534089252
http://comment.bilibili.com/1534089252.xml
cid:  1532974397
http://comment.bilibili.com/1532974397.xml
cid:  1533721473
http://comment.bilibili.com/1533721473.xml
cid:  1524166842
http://comment.bilibili.com/1524166842.xml
cid:  1532176624
http://comment.bilibili.com/1532176624.xml
cid:  1533544954
http://comment.bilibili.com/1533544954.xml
cid:  1533585708
http://comment.bilibili.com/1533585708.xml
cid:  1531282068
http://comment.bilibili.com/1531282068.xml
cid:  1531950808
http://comment.bilibili.com/1531950808.xml
cid:  1532090559
http://comment.bilibili.com/1532090559.xml
cid:  1533578940
http://comment.bilibili.com/1533578940.xml
cid:  1532220759
http://comment.bilibili.com/1532220759.xml
cid:  1531722096
http://comment.bilibili.com/1531722096.xml
cid:  1533181387
http://comment.bilibili.com/1533181387.xml
cid:  1532379884
http://comment.bilibili.com/1532379884.xml
cid:  1526054263
http://comment.bilibili.com/1526054263.xml
cid:  1525332628
http://comment.bilibili.com/1525332628.xml
cid:  1532204613
http://comment.bilibili.com/1532204613.xml
cid:  1532607797
http://comment.bilibili.com/1532607797.xml
cid:  1533314001
http://comment.bilibili.com/1533314001.xml
cid:  1525002281
http://comment.bilibili.com/1525002281.xml
cid:  1531791549
http://comment.bilibili.com/1531791549.xml
cid:  1531461377
http://comment.bilibili.com/1531461377.xml
cid:  1533874311
http://comment.bilibili.com/1533874311.xml
cid:  1533232365
http://comment.bilibili.com/1533232365.xml
cid:  1527602235
http://comment.bilibili.com/1527602235.xml
cid:  1528931848
http://comment.bilibili.com/1528931848.xml
cid:  1534018859
http://comment.bilibili.com/1534018859.xml
cid:  1531385016
http://comment.bilibili.com/1531385016.xml
cid:  1533035040
http://comment.bilibili.com/1533035040.xml
cid:  1529388628
http://comment.bilibili.com/1529388628.xml
cid:  1532124509
http://comment.bilibili.com/1532124509.xml
cid:  1532373919
http://comment.bilibili.com/1532373919.xml
cid:  1527775615
http://comment.bilibili.com/1527775615.xml
cid:  1525440494
http://comment.bilibili.com/1525440494.xml
cid:  1532243854
http://comment.bilibili.com/1532243854.xml
cid:  1532050858
http://comment.bilibili.com/1532050858.xml
cid:  1532394934
http://comment.bilibili.com/1532394934.xml
cid:  1529575553
http://comment.bilibili.com/1529575553.xml
cid:  1530482522
http://comment.bilibili.com/1530482522.xml
cid:  1533390354
http://comment.bilibili.com/1533390354.xml
cid:  1531053456
http://comment.bilibili.com/1531053456.xml
cid:  1530831813
http://comment.bilibili.com/1530831813.xml
cid:  1526906106
http://comment.bilibili.com/1526906106.xml
cid:  1525662636
http://comment.bilibili.com/1525662636.xml
cid:  1526855269
http://comment.bilibili.com/1526855269.xml
cid:  1524258498
http://comment.bilibili.com/1524258498.xml
working in  national_original.csv
cid:  1529310020
http://comment.bilibili.com/1529310020.xml
cid:  1532005219
http://comment.bilibili.com/1532005219.xml
cid:  1526774449
http://comment.bilibili.com/1526774449.xml
cid:  1497181603
http://comment.bilibili.com/1497181603.xml
cid:  1501661938
http://comment.bilibili.com/1501661938.xml
cid:  1530717149
http://comment.bilibili.com/1530717149.xml
cid:  1531253402
http://comment.bilibili.com/1531253402.xml
cid:  1524610278
http://comment.bilibili.com/1524610278.xml
cid:  1439531745
http://comment.bilibili.com/1439531745.xml
cid:  1527799741
http://comment.bilibili.com/1527799741.xml
cid:  1511081512
http://comment.bilibili.com/1511081512.xml
cid:  1533701477
http://comment.bilibili.com/1533701477.xml
cid:  1424278737
http://comment.bilibili.com/1424278737.xml
cid:  1531786054
http://comment.bilibili.com/1531786054.xml
cid:  1531168833
http://comment.bilibili.com/1531168833.xml
cid:  1526764581
http://comment.bilibili.com/1526764581.xml
cid:  1351205939
http://comment.bilibili.com/1351205939.xml
cid:  1526990140
http://comment.bilibili.com/1526990140.xml
cid:  1529938121
http://comment.bilibili.com/1529938121.xml
cid:  1502766858
http://comment.bilibili.com/1502766858.xml
cid:  1330823683
http://comment.bilibili.com/1330823683.xml
cid:  1529190197
http://comment.bilibili.com/1529190197.xml
cid:  1507216078
http://comment.bilibili.com/1507216078.xml
cid:  1295596750
http://comment.bilibili.com/1295596750.xml
cid:  1528955250
http://comment.bilibili.com/1528955250.xml
cid:  1391146454
http://comment.bilibili.com/1391146454.xml
cid:  1532195687
http://comment.bilibili.com/1532195687.xml
cid:  1532141261
http://comment.bilibili.com/1532141261.xml
cid:  1526475307
http://comment.bilibili.com/1526475307.xml
cid:  1468975965
http://comment.bilibili.com/1468975965.xml
cid:  1526390866
http://comment.bilibili.com/1526390866.xml
cid:  1530903410
http://comment.bilibili.com/1530903410.xml
cid:  1527133204
http://comment.bilibili.com/1527133204.xml
cid:  921442016
http://comment.bilibili.com/921442016.xml
cid:  1527633958
http://comment.bilibili.com/1527633958.xml
cid:  1527939480
http://comment.bilibili.com/1527939480.xml
cid:  1326602407
http://comment.bilibili.com/1326602407.xml
cid:  1512488013
http://comment.bilibili.com/1512488013.xml
cid:  1529341547
http://comment.bilibili.com/1529341547.xml
cid:  872181276
http://comment.bilibili.com/872181276.xml
cid:  1528451295
http://comment.bilibili.com/1528451295.xml
cid:  1530723751
http://comment.bilibili.com/1530723751.xml
cid:  1529169380
http://comment.bilibili.com/1529169380.xml
cid:  1529177269
http://comment.bilibili.com/1529177269.xml
cid:  1323270880
http://comment.bilibili.com/1323270880.xml
cid:  1530428478
http://comment.bilibili.com/1530428478.xml
cid:  1340288454
http://comment.bilibili.com/1340288454.xml
cid:  1490653062
http://comment.bilibili.com/1490653062.xml
cid:  1499369592
http://comment.bilibili.com/1499369592.xml
cid:  1506516103
http://comment.bilibili.com/1506516103.xml
cid:  1347043798
http://comment.bilibili.com/1347043798.xml
cid:  1530225294
http://comment.bilibili.com/1530225294.xml
cid:  1530653363
http://comment.bilibili.com/1530653363.xml
cid:  1527519388
http://comment.bilibili.com/1527519388.xml
cid:  1529849602
http://comment.bilibili.com/1529849602.xml
cid:  353572894
http://comment.bilibili.com/353572894.xml
cid:  1528605499
http://comment.bilibili.com/1528605499.xml
cid:  1331324465
http://comment.bilibili.com/1331324465.xml
cid:  1499394293
http://comment.bilibili.com/1499394293.xml
cid:  1525496419
http://comment.bilibili.com/1525496419.xml
cid:  1518579147
http://comment.bilibili.com/1518579147.xml
cid:  1497354625
http://comment.bilibili.com/1497354625.xml
cid:  1532280570
http://comment.bilibili.com/1532280570.xml
cid:  1324837685
http://comment.bilibili.com/1324837685.xml
cid:  1530830672
http://comment.bilibili.com/1530830672.xml
cid:  1342635882
http://comment.bilibili.com/1342635882.xml
cid:  1532361129
http://comment.bilibili.com/1532361129.xml
cid:  1524311505
http://comment.bilibili.com/1524311505.xml
cid:  1081181390
http://comment.bilibili.com/1081181390.xml
cid:  1493809320
http://comment.bilibili.com/1493809320.xml
cid:  1532541454
http://comment.bilibili.com/1532541454.xml
cid:  1531291164
http://comment.bilibili.com/1531291164.xml
cid:  1529710511
http://comment.bilibili.com/1529710511.xml
cid:  1527149792
http://comment.bilibili.com/1527149792.xml
cid:  1525977239
http://comment.bilibili.com/1525977239.xml
cid:  1462875052
http://comment.bilibili.com/1462875052.xml
cid:  1525543404
http://comment.bilibili.com/1525543404.xml
cid:  1525729246
http://comment.bilibili.com/1525729246.xml
cid:  1509870617
http://comment.bilibili.com/1509870617.xml
cid:  1531476133
http://comment.bilibili.com/1531476133.xml
cid:  1516002874
http://comment.bilibili.com/1516002874.xml
cid:  735159811
http://comment.bilibili.com/735159811.xml
cid:  1504099490
http://comment.bilibili.com/1504099490.xml
cid:  375101874
http://comment.bilibili.com/375101874.xml
cid:  1326112464
http://comment.bilibili.com/1326112464.xml
cid:  1528931765
http://comment.bilibili.com/1528931765.xml
cid:  1082343162
http://comment.bilibili.com/1082343162.xml
cid:  1364116481
http://comment.bilibili.com/1364116481.xml
cid:  1531024997
http://comment.bilibili.com/1531024997.xml
cid:  1523342097
http://comment.bilibili.com/1523342097.xml
cid:  1522565659
http://comment.bilibili.com/1522565659.xml
cid:  1470926004
http://comment.bilibili.com/1470926004.xml
cid:  290419068
http://comment.bilibili.com/290419068.xml
cid:  1526198401
http://comment.bilibili.com/1526198401.xml
cid:  1531121918
http://comment.bilibili.com/1531121918.xml
cid:  1530525452
http://comment.bilibili.com/1530525452.xml
cid:  1449741601
http://comment.bilibili.com/1449741601.xml
cid:  1530118338
http://comment.bilibili.com/1530118338.xml
cid:  1531637308
http://comment.bilibili.com/1531637308.xml
cid:  1529709534
http://comment.bilibili.com/1529709534.xml
working in  anime.csv
cid:  1530965646
http://comment.bilibili.com/1530965646.xml
cid:  1524166842
http://comment.bilibili.com/1524166842.xml
cid:  1532050858
http://comment.bilibili.com/1532050858.xml
cid:  1531227281
http://comment.bilibili.com/1531227281.xml
cid:  1533300586
http://comment.bilibili.com/1533300586.xml
cid:  1530831813
http://comment.bilibili.com/1530831813.xml
cid:  1531588115
http://comment.bilibili.com/1531588115.xml
cid:  1527624401
http://comment.bilibili.com/1527624401.xml
cid:  1530100787
http://comment.bilibili.com/1530100787.xml
cid:  1527567771
http://comment.bilibili.com/1527567771.xml
cid:  1531257095
http://comment.bilibili.com/1531257095.xml
cid:  1530391410
http://comment.bilibili.com/1530391410.xml
cid:  1527048203
http://comment.bilibili.com/1527048203.xml
cid:  1528979572
http://comment.bilibili.com/1528979572.xml
cid:  1531080898
http://comment.bilibili.com/1531080898.xml
cid:  1526597634
http://comment.bilibili.com/1526597634.xml
cid:  1527994123
http://comment.bilibili.com/1527994123.xml
cid:  1533314001
http://comment.bilibili.com/1533314001.xml
cid:  1530078862
http://comment.bilibili.com/1530078862.xml
cid:  1529711574
http://comment.bilibili.com/1529711574.xml
cid:  1529325220
http://comment.bilibili.com/1529325220.xml
cid:  1531896916
http://comment.bilibili.com/1531896916.xml
cid:  1530354252
http://comment.bilibili.com/1530354252.xml
cid:  1528180972
http://comment.bilibili.com/1528180972.xml
cid:  1531450122
http://comment.bilibili.com/1531450122.xml
cid:  1531972609
http://comment.bilibili.com/1531972609.xml
cid:  1529260321
http://comment.bilibili.com/1529260321.xml
cid:  1532107225
http://comment.bilibili.com/1532107225.xml
cid:  1531791549
http://comment.bilibili.com/1531791549.xml
cid:  1530748708
http://comment.bilibili.com/1530748708.xml
cid:  1530299795
http://comment.bilibili.com/1530299795.xml
cid:  1529933935
http://comment.bilibili.com/1529933935.xml
cid:  1528995750
http://comment.bilibili.com/1528995750.xml
cid:  1529401730
http://comment.bilibili.com/1529401730.xml
cid:  1530423455
http://comment.bilibili.com/1530423455.xml
cid:  1527161881
http://comment.bilibili.com/1527161881.xml
cid:  1529505093
http://comment.bilibili.com/1529505093.xml
cid:  1527385332
http://comment.bilibili.com/1527385332.xml
cid:  1528318903
http://comment.bilibili.com/1528318903.xml
cid:  1529531407
http://comment.bilibili.com/1529531407.xml
cid:  1527213950
http://comment.bilibili.com/1527213950.xml
cid:  1532616888
http://comment.bilibili.com/1532616888.xml
cid:  1528212857
http://comment.bilibili.com/1528212857.xml
cid:  1530533525
http://comment.bilibili.com/1530533525.xml
cid:  1532204613
http://comment.bilibili.com/1532204613.xml
cid:  1529438438
http://comment.bilibili.com/1529438438.xml
cid:  1526717374
http://comment.bilibili.com/1526717374.xml
cid:  1530346191
http://comment.bilibili.com/1530346191.xml
cid:  1530786267
http://comment.bilibili.com/1530786267.xml
cid:  1527501755
http://comment.bilibili.com/1527501755.xml
cid:  1530945040
http://comment.bilibili.com/1530945040.xml
cid:  1530883387
http://comment.bilibili.com/1530883387.xml
cid:  1529623691
http://comment.bilibili.com/1529623691.xml
cid:  1530641846
http://comment.bilibili.com/1530641846.xml
cid:  1526792541
http://comment.bilibili.com/1526792541.xml
cid:  1531773829
http://comment.bilibili.com/1531773829.xml
cid:  1530729397
http://comment.bilibili.com/1530729397.xml
cid:  1527957323
http://comment.bilibili.com/1527957323.xml
cid:  1530200361
http://comment.bilibili.com/1530200361.xml
cid:  1525616299
http://comment.bilibili.com/1525616299.xml
cid:  1525999614
http://comment.bilibili.com/1525999614.xml
cid:  1526203208
http://comment.bilibili.com/1526203208.xml
cid:  1529917604
http://comment.bilibili.com/1529917604.xml
cid:  1530595022
http://comment.bilibili.com/1530595022.xml
cid:  1495547787
http://comment.bilibili.com/1495547787.xml
cid:  1527669336
http://comment.bilibili.com/1527669336.xml
cid:  1528804431
http://comment.bilibili.com/1528804431.xml
cid:  1528868375
http://comment.bilibili.com/1528868375.xml
cid:  1527200910
http://comment.bilibili.com/1527200910.xml
cid:  1530094191
http://comment.bilibili.com/1530094191.xml
cid:  1527899051
http://comment.bilibili.com/1527899051.xml
cid:  1529870647
http://comment.bilibili.com/1529870647.xml
cid:  1531916194
http://comment.bilibili.com/1531916194.xml
cid:  1529626862
http://comment.bilibili.com/1529626862.xml
cid:  1528103344
http://comment.bilibili.com/1528103344.xml
cid:  1529951294
http://comment.bilibili.com/1529951294.xml
cid:  1520231564
http://comment.bilibili.com/1520231564.xml
cid:  1531805024
http://comment.bilibili.com/1531805024.xml
cid:  1524740604
http://comment.bilibili.com/1524740604.xml
cid:  1507149948
http://comment.bilibili.com/1507149948.xml
cid:  1530152417
http://comment.bilibili.com/1530152417.xml
cid:  1507216815
http://comment.bilibili.com/1507216815.xml
cid:  1531930950
http://comment.bilibili.com/1531930950.xml
cid:  1529843956
http://comment.bilibili.com/1529843956.xml
cid:  1525766094
http://comment.bilibili.com/1525766094.xml
cid:  1528209384
http://comment.bilibili.com/1528209384.xml
cid:  1526810154
http://comment.bilibili.com/1526810154.xml
cid:  1525287301
http://comment.bilibili.com/1525287301.xml
cid:  1529429239
http://comment.bilibili.com/1529429239.xml
cid:  1525424771
http://comment.bilibili.com/1525424771.xml
cid:  1529118315
http://comment.bilibili.com/1529118315.xml
cid:  1531991199
http://comment.bilibili.com/1531991199.xml
cid:  1529623408
http://comment.bilibili.com/1529623408.xml
cid:  1530881786
http://comment.bilibili.com/1530881786.xml
cid:  1529796270
http://comment.bilibili.com/1529796270.xml
cid:  1530584429
http://comment.bilibili.com/1530584429.xml
cid:  1526647766
http://comment.bilibili.com/1526647766.xml
cid:  1530932785
http://comment.bilibili.com/1530932785.xml
cid:  1495334243
http://comment.bilibili.com/1495334243.xml
cid:  1525886690
http://comment.bilibili.com/1525886690.xml
working in  music.csv
cid:  1533091283
http://comment.bilibili.com/1533091283.xml
cid:  1533257953
http://comment.bilibili.com/1533257953.xml
cid:  1531253622
http://comment.bilibili.com/1531253622.xml
cid:  1531005824
http://comment.bilibili.com/1531005824.xml
cid:  1530554694
http://comment.bilibili.com/1530554694.xml
cid:  1530724011
http://comment.bilibili.com/1530724011.xml
cid:  1526710114
http://comment.bilibili.com/1526710114.xml
cid:  1529921831
http://comment.bilibili.com/1529921831.xml
cid:  1530945622
http://comment.bilibili.com/1530945622.xml
cid:  1520106904
http://comment.bilibili.com/1520106904.xml
cid:  1529928136
http://comment.bilibili.com/1529928136.xml
cid:  1532379884
http://comment.bilibili.com/1532379884.xml
cid:  1529926441
http://comment.bilibili.com/1529926441.xml
cid:  1531112630
http://comment.bilibili.com/1531112630.xml
cid:  1527671158
http://comment.bilibili.com/1527671158.xml
cid:  1529667524
http://comment.bilibili.com/1529667524.xml
cid:  1527073241
http://comment.bilibili.com/1527073241.xml
cid:  1529583291
http://comment.bilibili.com/1529583291.xml
cid:  1527934932
http://comment.bilibili.com/1527934932.xml
cid:  1529146528
http://comment.bilibili.com/1529146528.xml
cid:  1531732464
http://comment.bilibili.com/1531732464.xml
cid:  1526322747
http://comment.bilibili.com/1526322747.xml
cid:  1530544091
http://comment.bilibili.com/1530544091.xml
cid:  1505737735
http://comment.bilibili.com/1505737735.xml
cid:  1525542848
http://comment.bilibili.com/1525542848.xml
cid:  1497391964
http://comment.bilibili.com/1497391964.xml
cid:  1530815578
http://comment.bilibili.com/1530815578.xml
cid:  1523392887
http://comment.bilibili.com/1523392887.xml
cid:  1531388717
http://comment.bilibili.com/1531388717.xml
cid:  1531930029
http://comment.bilibili.com/1531930029.xml
cid:  1527592955
http://comment.bilibili.com/1527592955.xml
cid:  1499171958
http://comment.bilibili.com/1499171958.xml
cid:  1520392251
http://comment.bilibili.com/1520392251.xml
cid:  1530623288
http://comment.bilibili.com/1530623288.xml
cid:  1489376987
http://comment.bilibili.com/1489376987.xml
cid:  1531954708
http://comment.bilibili.com/1531954708.xml
cid:  1526788509
http://comment.bilibili.com/1526788509.xml
cid:  1531113509
http://comment.bilibili.com/1531113509.xml
cid:  1463534176
http://comment.bilibili.com/1463534176.xml
cid:  1530429596
http://comment.bilibili.com/1530429596.xml
cid:  1531075470
http://comment.bilibili.com/1531075470.xml
cid:  1532342968
http://comment.bilibili.com/1532342968.xml
cid:  1529395931
http://comment.bilibili.com/1529395931.xml
cid:  1530851632
http://comment.bilibili.com/1530851632.xml
cid:  1528993318
http://comment.bilibili.com/1528993318.xml
cid:  1529205581
http://comment.bilibili.com/1529205581.xml
cid:  1525937461
http://comment.bilibili.com/1525937461.xml
cid:  1531333585
http://comment.bilibili.com/1531333585.xml
cid:  1493709570
http://comment.bilibili.com/1493709570.xml
cid:  1531397007
http://comment.bilibili.com/1531397007.xml
cid:  1528059229
http://comment.bilibili.com/1528059229.xml
cid:  1532591346
http://comment.bilibili.com/1532591346.xml
cid:  1524307578
http://comment.bilibili.com/1524307578.xml
cid:  1529564875
http://comment.bilibili.com/1529564875.xml
cid:  1530562192
http://comment.bilibili.com/1530562192.xml
cid:  1531744496
http://comment.bilibili.com/1531744496.xml
cid:  1474588645
http://comment.bilibili.com/1474588645.xml
cid:  1531619506
http://comment.bilibili.com/1531619506.xml
cid:  1530537182
http://comment.bilibili.com/1530537182.xml
cid:  1529467254
http://comment.bilibili.com/1529467254.xml
cid:  1474151174
http://comment.bilibili.com/1474151174.xml
cid:  1521824125
http://comment.bilibili.com/1521824125.xml
cid:  1508220936
http://comment.bilibili.com/1508220936.xml
cid:  1526760188
http://comment.bilibili.com/1526760188.xml
cid:  1526576117
http://comment.bilibili.com/1526576117.xml
cid:  1527254274
http://comment.bilibili.com/1527254274.xml
cid:  1401778029
http://comment.bilibili.com/1401778029.xml
cid:  1525253176
http://comment.bilibili.com/1525253176.xml
cid:  1530455140
http://comment.bilibili.com/1530455140.xml
cid:  1490926087
http://comment.bilibili.com/1490926087.xml
cid:  1530658519
http://comment.bilibili.com/1530658519.xml
cid:  1529460433
http://comment.bilibili.com/1529460433.xml
cid:  1531010601
http://comment.bilibili.com/1531010601.xml
cid:  1521960238
http://comment.bilibili.com/1521960238.xml
cid:  1516998563
http://comment.bilibili.com/1516998563.xml
cid:  1529721944
http://comment.bilibili.com/1529721944.xml
cid:  1517312599
http://comment.bilibili.com/1517312599.xml
cid:  1529516985
http://comment.bilibili.com/1529516985.xml
cid:  1527000381
http://comment.bilibili.com/1527000381.xml
cid:  1501673017
http://comment.bilibili.com/1501673017.xml
cid:  1532305795
http://comment.bilibili.com/1532305795.xml
cid:  1530764100
http://comment.bilibili.com/1530764100.xml
cid:  1448478145
http://comment.bilibili.com/1448478145.xml
cid:  1529906356
http://comment.bilibili.com/1529906356.xml
cid:  1530564673
http://comment.bilibili.com/1530564673.xml
cid:  1526445087
http://comment.bilibili.com/1526445087.xml
cid:  1529388196
http://comment.bilibili.com/1529388196.xml
cid:  1492934907
http://comment.bilibili.com/1492934907.xml
cid:  1530944329
http://comment.bilibili.com/1530944329.xml
cid:  1531913085
http://comment.bilibili.com/1531913085.xml
cid:  1529944086
http://comment.bilibili.com/1529944086.xml
cid:  1529389738
http://comment.bilibili.com/1529389738.xml
cid:  1526921264
http://comment.bilibili.com/1526921264.xml
cid:  1531198872
http://comment.bilibili.com/1531198872.xml
cid:  1529941221
http://comment.bilibili.com/1529941221.xml
cid:  1528472032
http://comment.bilibili.com/1528472032.xml
cid:  1507530269
http://comment.bilibili.com/1507530269.xml
cid:  1529937082
http://comment.bilibili.com/1529937082.xml
cid:  1532160236
http://comment.bilibili.com/1532160236.xml
cid:  1530993175
http://comment.bilibili.com/1530993175.xml
working in  dancing.csv
cid:  1529436618
http://comment.bilibili.com/1529436618.xml
cid:  1530638681
http://comment.bilibili.com/1530638681.xml
cid:  1532128120
http://comment.bilibili.com/1532128120.xml
cid:  1530259468
http://comment.bilibili.com/1530259468.xml
cid:  1530484120
http://comment.bilibili.com/1530484120.xml
cid:  1531546413
http://comment.bilibili.com/1531546413.xml
cid:  1529387511
http://comment.bilibili.com/1529387511.xml
cid:  1528963113
http://comment.bilibili.com/1528963113.xml
cid:  1529442286
http://comment.bilibili.com/1529442286.xml
cid:  1525009674
http://comment.bilibili.com/1525009674.xml
cid:  1529492648
http://comment.bilibili.com/1529492648.xml
cid:  1532166224
http://comment.bilibili.com/1532166224.xml
cid:  1530836979
http://comment.bilibili.com/1530836979.xml
cid:  1526285747
http://comment.bilibili.com/1526285747.xml
cid:  1532429257
http://comment.bilibili.com/1532429257.xml
cid:  1527674232
http://comment.bilibili.com/1527674232.xml
cid:  1530687936
http://comment.bilibili.com/1530687936.xml
cid:  1531267421
http://comment.bilibili.com/1531267421.xml
cid:  1529684177
http://comment.bilibili.com/1529684177.xml
cid:  1532018752
http://comment.bilibili.com/1532018752.xml
cid:  1529199583
http://comment.bilibili.com/1529199583.xml
cid:  1531805128
http://comment.bilibili.com/1531805128.xml
cid:  1528171117
http://comment.bilibili.com/1528171117.xml
cid:  1532341164
http://comment.bilibili.com/1532341164.xml
cid:  1531787703
http://comment.bilibili.com/1531787703.xml
cid:  1524341674
http://comment.bilibili.com/1524341674.xml
cid:  1531966338
http://comment.bilibili.com/1531966338.xml
cid:  1532227833
http://comment.bilibili.com/1532227833.xml
cid:  1531376141
http://comment.bilibili.com/1531376141.xml
cid:  1528801434
http://comment.bilibili.com/1528801434.xml
cid:  1530900018
http://comment.bilibili.com/1530900018.xml
cid:  1530473353
http://comment.bilibili.com/1530473353.xml
cid:  1529126939
http://comment.bilibili.com/1529126939.xml
cid:  1529921816
http://comment.bilibili.com/1529921816.xml
cid:  1533259603
http://comment.bilibili.com/1533259603.xml
cid:  1531373321
http://comment.bilibili.com/1531373321.xml
cid:  1529635225
http://comment.bilibili.com/1529635225.xml
cid:  1528582828
http://comment.bilibili.com/1528582828.xml
cid:  1527568773
http://comment.bilibili.com/1527568773.xml
cid:  1508035207
http://comment.bilibili.com/1508035207.xml
cid:  1530249517
http://comment.bilibili.com/1530249517.xml
cid:  1532036752
http://comment.bilibili.com/1532036752.xml
cid:  1531773815
http://comment.bilibili.com/1531773815.xml
cid:  1530889198
http://comment.bilibili.com/1530889198.xml
cid:  1527524202
http://comment.bilibili.com/1527524202.xml
cid:  1527585419
http://comment.bilibili.com/1527585419.xml
cid:  1526888891
http://comment.bilibili.com/1526888891.xml
cid:  1530078276
http://comment.bilibili.com/1530078276.xml
cid:  1524557358
http://comment.bilibili.com/1524557358.xml
cid:  1530811980
http://comment.bilibili.com/1530811980.xml
cid:  1525387859
http://comment.bilibili.com/1525387859.xml
cid:  1524981730
http://comment.bilibili.com/1524981730.xml
cid:  1532226300
http://comment.bilibili.com/1532226300.xml
cid:  1532713853
http://comment.bilibili.com/1532713853.xml
cid:  1512275360
http://comment.bilibili.com/1512275360.xml
cid:  1506300305
http://comment.bilibili.com/1506300305.xml
cid:  1519646345
http://comment.bilibili.com/1519646345.xml
cid:  1513896278
http://comment.bilibili.com/1513896278.xml
cid:  1525046227
http://comment.bilibili.com/1525046227.xml
cid:  1532327323
http://comment.bilibili.com/1532327323.xml
cid:  1531102839
http://comment.bilibili.com/1531102839.xml
cid:  1528365496
http://comment.bilibili.com/1528365496.xml
cid:  1531331466
http://comment.bilibili.com/1531331466.xml
cid:  1525990810
http://comment.bilibili.com/1525990810.xml
cid:  1528643707
http://comment.bilibili.com/1528643707.xml
cid:  1531448224
http://comment.bilibili.com/1531448224.xml
cid:  1532227690
http://comment.bilibili.com/1532227690.xml
cid:  1529263439
http://comment.bilibili.com/1529263439.xml
cid:  1532124471
http://comment.bilibili.com/1532124471.xml
cid:  1532196936
http://comment.bilibili.com/1532196936.xml
cid:  1519971983
http://comment.bilibili.com/1519971983.xml
cid:  1520710989
http://comment.bilibili.com/1520710989.xml
cid:  1531178358
http://comment.bilibili.com/1531178358.xml
cid:  1529337225
http://comment.bilibili.com/1529337225.xml
cid:  1529310329
http://comment.bilibili.com/1529310329.xml
cid:  1523268867
http://comment.bilibili.com/1523268867.xml
cid:  1529308160
http://comment.bilibili.com/1529308160.xml
cid:  1530803522
http://comment.bilibili.com/1530803522.xml
cid:  1529511759
http://comment.bilibili.com/1529511759.xml
cid:  1528517862
http://comment.bilibili.com/1528517862.xml
cid:  1525552153
http://comment.bilibili.com/1525552153.xml
cid:  1532108706
http://comment.bilibili.com/1532108706.xml
cid:  1529570025
http://comment.bilibili.com/1529570025.xml
cid:  1525873980
http://comment.bilibili.com/1525873980.xml
cid:  1528168655
http://comment.bilibili.com/1528168655.xml
cid:  1527350251
http://comment.bilibili.com/1527350251.xml
cid:  1530065784
http://comment.bilibili.com/1530065784.xml
cid:  1527911625
http://comment.bilibili.com/1527911625.xml
cid:  1521017667
http://comment.bilibili.com/1521017667.xml
cid:  1512606006
http://comment.bilibili.com/1512606006.xml
cid:  1527863771
http://comment.bilibili.com/1527863771.xml
cid:  1528928718
http://comment.bilibili.com/1528928718.xml
cid:  1530635842
http://comment.bilibili.com/1530635842.xml
cid:  1525090506
http://comment.bilibili.com/1525090506.xml
cid:  1529803236
http://comment.bilibili.com/1529803236.xml
cid:  1529130586
http://comment.bilibili.com/1529130586.xml
cid:  1530769671
http://comment.bilibili.com/1530769671.xml
cid:  1532408102
http://comment.bilibili.com/1532408102.xml
cid:  1529409178
http://comment.bilibili.com/1529409178.xml
cid:  1522877698
http://comment.bilibili.com/1522877698.xml
working in  games.csv
cid:  1525719965
http://comment.bilibili.com/1525719965.xml
cid:  1534680068
http://comment.bilibili.com/1534680068.xml
cid:  1530832846
http://comment.bilibili.com/1530832846.xml
cid:  1530482522
http://comment.bilibili.com/1530482522.xml
cid:  1530662592
http://comment.bilibili.com/1530662592.xml
cid:  1525604523
http://comment.bilibili.com/1525604523.xml
cid:  1530880124
http://comment.bilibili.com/1530880124.xml
cid:  1530006034
http://comment.bilibili.com/1530006034.xml
cid:  1530808025
http://comment.bilibili.com/1530808025.xml
cid:  1530475256
http://comment.bilibili.com/1530475256.xml
cid:  1533480426
http://comment.bilibili.com/1533480426.xml
cid:  1530429152
http://comment.bilibili.com/1530429152.xml
cid:  1531590109
http://comment.bilibili.com/1531590109.xml
cid:  1529284336
http://comment.bilibili.com/1529284336.xml
cid:  1525002281
http://comment.bilibili.com/1525002281.xml
cid:  1531004175
http://comment.bilibili.com/1531004175.xml
cid:  1533586745
http://comment.bilibili.com/1533586745.xml
cid:  1529245420
http://comment.bilibili.com/1529245420.xml
cid:  1532105475
http://comment.bilibili.com/1532105475.xml
cid:  1533066703
http://comment.bilibili.com/1533066703.xml
cid:  1532601660
http://comment.bilibili.com/1532601660.xml
cid:  1531332261
http://comment.bilibili.com/1531332261.xml
cid:  1527914171
http://comment.bilibili.com/1527914171.xml
cid:  1525370896
http://comment.bilibili.com/1525370896.xml
cid:  1532222608
http://comment.bilibili.com/1532222608.xml
cid:  1529737588
http://comment.bilibili.com/1529737588.xml
cid:  1532946583
http://comment.bilibili.com/1532946583.xml
cid:  1530781255
http://comment.bilibili.com/1530781255.xml
cid:  1530549832
http://comment.bilibili.com/1530549832.xml
cid:  1530783636
http://comment.bilibili.com/1530783636.xml
cid:  1530752552
http://comment.bilibili.com/1530752552.xml
cid:  1531282068
http://comment.bilibili.com/1531282068.xml
cid:  1530503511
http://comment.bilibili.com/1530503511.xml
cid:  1531331586
http://comment.bilibili.com/1531331586.xml
cid:  1532111911
http://comment.bilibili.com/1532111911.xml
cid:  1526150605
http://comment.bilibili.com/1526150605.xml
cid:  1530158238
http://comment.bilibili.com/1530158238.xml
cid:  1530833135
http://comment.bilibili.com/1530833135.xml
cid:  1530986621
http://comment.bilibili.com/1530986621.xml
cid:  1528918056
http://comment.bilibili.com/1528918056.xml
cid:  1525554721
http://comment.bilibili.com/1525554721.xml
cid:  1532005901
http://comment.bilibili.com/1532005901.xml
cid:  1532550714
http://comment.bilibili.com/1532550714.xml
cid:  1534124964
http://comment.bilibili.com/1534124964.xml
cid:  1527571388
http://comment.bilibili.com/1527571388.xml
cid:  1530939810
http://comment.bilibili.com/1530939810.xml
cid:  1531518798
http://comment.bilibili.com/1531518798.xml
cid:  1530111438
http://comment.bilibili.com/1530111438.xml
cid:  1531934601
http://comment.bilibili.com/1531934601.xml
cid:  1532325496
http://comment.bilibili.com/1532325496.xml
cid:  1530854697
http://comment.bilibili.com/1530854697.xml
cid:  1531838856
http://comment.bilibili.com/1531838856.xml
cid:  1530736269
http://comment.bilibili.com/1530736269.xml
cid:  1532728457
http://comment.bilibili.com/1532728457.xml
cid:  1520566318
http://comment.bilibili.com/1520566318.xml
cid:  1533255120
http://comment.bilibili.com/1533255120.xml
cid:  1530960210
http://comment.bilibili.com/1530960210.xml
cid:  1532350767
http://comment.bilibili.com/1532350767.xml
cid:  1526578638
http://comment.bilibili.com/1526578638.xml
cid:  1533113528
http://comment.bilibili.com/1533113528.xml
cid:  1530762458
http://comment.bilibili.com/1530762458.xml
cid:  1525215447
http://comment.bilibili.com/1525215447.xml
cid:  1530367214
http://comment.bilibili.com/1530367214.xml
cid:  1530724817
http://comment.bilibili.com/1530724817.xml
cid:  1530799211
http://comment.bilibili.com/1530799211.xml
cid:  1530501337
http://comment.bilibili.com/1530501337.xml
cid:  1526896250
http://comment.bilibili.com/1526896250.xml
cid:  1530694240
http://comment.bilibili.com/1530694240.xml
cid:  1525660973
http://comment.bilibili.com/1525660973.xml
cid:  1530702069
http://comment.bilibili.com/1530702069.xml
cid:  1533987183
http://comment.bilibili.com/1533987183.xml
cid:  1530895955
http://comment.bilibili.com/1530895955.xml
cid:  1527207900
http://comment.bilibili.com/1527207900.xml
cid:  1531590143
http://comment.bilibili.com/1531590143.xml
cid:  1529216148
http://comment.bilibili.com/1529216148.xml
cid:  1528686275
http://comment.bilibili.com/1528686275.xml
cid:  1530774973
http://comment.bilibili.com/1530774973.xml
cid:  1528832198
http://comment.bilibili.com/1528832198.xml
cid:  1533117028
http://comment.bilibili.com/1533117028.xml
cid:  1529562459
http://comment.bilibili.com/1529562459.xml
cid:  1529788696
http://comment.bilibili.com/1529788696.xml
cid:  1531001080
http://comment.bilibili.com/1531001080.xml
cid:  1526893061
http://comment.bilibili.com/1526893061.xml
cid:  1530754480
http://comment.bilibili.com/1530754480.xml
cid:  1531951742
http://comment.bilibili.com/1531951742.xml
cid:  1529786356
http://comment.bilibili.com/1529786356.xml
cid:  1528701931
http://comment.bilibili.com/1528701931.xml
cid:  1529052822
http://comment.bilibili.com/1529052822.xml
cid:  1522132626
http://comment.bilibili.com/1522132626.xml
cid:  1530512040
http://comment.bilibili.com/1530512040.xml
cid:  1528696422
http://comment.bilibili.com/1528696422.xml
cid:  1526667542
http://comment.bilibili.com/1526667542.xml
cid:  1526120452
http://comment.bilibili.com/1526120452.xml
cid:  1531454508
http://comment.bilibili.com/1531454508.xml
cid:  1530908504
http://comment.bilibili.com/1530908504.xml
cid:  1520077850
http://comment.bilibili.com/1520077850.xml
cid:  1533817467
http://comment.bilibili.com/1533817467.xml
cid:  1526809734
http://comment.bilibili.com/1526809734.xml
cid:  1534216584
http://comment.bilibili.com/1534216584.xml
cid:  1500588122
http://comment.bilibili.com/1500588122.xml
working in  knowledge.csv
cid:  1525514813
http://comment.bilibili.com/1525514813.xml
cid:  1532146797
http://comment.bilibili.com/1532146797.xml
cid:  1531050727
http://comment.bilibili.com/1531050727.xml
cid:  1530971495
http://comment.bilibili.com/1530971495.xml
cid:  1533434651
http://comment.bilibili.com/1533434651.xml
cid:  1529473741
http://comment.bilibili.com/1529473741.xml
cid:  1529658618
http://comment.bilibili.com/1529658618.xml
cid:  1530144723
http://comment.bilibili.com/1530144723.xml
cid:  1529937949
http://comment.bilibili.com/1529937949.xml
cid:  1524250872
http://comment.bilibili.com/1524250872.xml
cid:  1530900901
http://comment.bilibili.com/1530900901.xml
cid:  1525277684
http://comment.bilibili.com/1525277684.xml
cid:  1527992931
http://comment.bilibili.com/1527992931.xml
cid:  1528166468
http://comment.bilibili.com/1528166468.xml
cid:  1530496455
http://comment.bilibili.com/1530496455.xml
cid:  1528454356
http://comment.bilibili.com/1528454356.xml
cid:  1525008850
http://comment.bilibili.com/1525008850.xml
cid:  1530504813
http://comment.bilibili.com/1530504813.xml
cid:  1528184512
http://comment.bilibili.com/1528184512.xml
cid:  1518081756
http://comment.bilibili.com/1518081756.xml
cid:  1526553899
http://comment.bilibili.com/1526553899.xml
cid:  1528174972
http://comment.bilibili.com/1528174972.xml
cid:  1528587730
http://comment.bilibili.com/1528587730.xml
cid:  1531833673
http://comment.bilibili.com/1531833673.xml
cid:  1530901003
http://comment.bilibili.com/1530901003.xml
cid:  1525276512
http://comment.bilibili.com/1525276512.xml
cid:  1533742104
http://comment.bilibili.com/1533742104.xml
cid:  1530852496
http://comment.bilibili.com/1530852496.xml
cid:  1521866065
http://comment.bilibili.com/1521866065.xml
cid:  1527015680
http://comment.bilibili.com/1527015680.xml
cid:  1532298544
http://comment.bilibili.com/1532298544.xml
cid:  1533132783
http://comment.bilibili.com/1533132783.xml
cid:  1528982832
http://comment.bilibili.com/1528982832.xml
cid:  1533278162
http://comment.bilibili.com/1533278162.xml
cid:  1529038052
http://comment.bilibili.com/1529038052.xml
cid:  1520467965
http://comment.bilibili.com/1520467965.xml
cid:  1533275521
http://comment.bilibili.com/1533275521.xml
cid:  1530617415
http://comment.bilibili.com/1530617415.xml
cid:  1533660888
http://comment.bilibili.com/1533660888.xml
cid:  1530797917
http://comment.bilibili.com/1530797917.xml
cid:  1526979142
http://comment.bilibili.com/1526979142.xml
cid:  1533142330
http://comment.bilibili.com/1533142330.xml
cid:  1530413242
http://comment.bilibili.com/1530413242.xml
cid:  1531039498
http://comment.bilibili.com/1531039498.xml
cid:  1530899552
http://comment.bilibili.com/1530899552.xml
cid:  1530460922
http://comment.bilibili.com/1530460922.xml
cid:  1530247176
http://comment.bilibili.com/1530247176.xml
cid:  1529390870
http://comment.bilibili.com/1529390870.xml
cid:  1525162438
http://comment.bilibili.com/1525162438.xml
cid:  1526087090
http://comment.bilibili.com/1526087090.xml
cid:  1522781389
http://comment.bilibili.com/1522781389.xml
cid:  1331955289
http://comment.bilibili.com/1331955289.xml
cid:  1525129142
http://comment.bilibili.com/1525129142.xml
cid:  1521939977
http://comment.bilibili.com/1521939977.xml
cid:  1531261129
http://comment.bilibili.com/1531261129.xml
cid:  1532090559
http://comment.bilibili.com/1532090559.xml
cid:  1529822584
http://comment.bilibili.com/1529822584.xml
cid:  1530317398
http://comment.bilibili.com/1530317398.xml
cid:  1533610181
http://comment.bilibili.com/1533610181.xml
cid:  1526569710
http://comment.bilibili.com/1526569710.xml
cid:  1533539418
http://comment.bilibili.com/1533539418.xml
cid:  1530822098
http://comment.bilibili.com/1530822098.xml
cid:  1527414659
http://comment.bilibili.com/1527414659.xml
cid:  1531092957
http://comment.bilibili.com/1531092957.xml
cid:  1532158121
http://comment.bilibili.com/1532158121.xml
cid:  1530739507
http://comment.bilibili.com/1530739507.xml
cid:  1529391871
http://comment.bilibili.com/1529391871.xml
cid:  1530794500
http://comment.bilibili.com/1530794500.xml
cid:  1530452829
http://comment.bilibili.com/1530452829.xml
cid:  1523866277
http://comment.bilibili.com/1523866277.xml
cid:  1528515908
http://comment.bilibili.com/1528515908.xml
cid:  1533181387
http://comment.bilibili.com/1533181387.xml
cid:  1531332268
http://comment.bilibili.com/1531332268.xml
cid:  1524716174
http://comment.bilibili.com/1524716174.xml
cid:  1532313681
http://comment.bilibili.com/1532313681.xml
cid:  1533733485
http://comment.bilibili.com/1533733485.xml
cid:  1531201082
http://comment.bilibili.com/1531201082.xml
cid:  1523415238
http://comment.bilibili.com/1523415238.xml
cid:  1531310529
http://comment.bilibili.com/1531310529.xml
cid:  1531978372
http://comment.bilibili.com/1531978372.xml
cid:  1530962694
http://comment.bilibili.com/1530962694.xml
cid:  1524029208
http://comment.bilibili.com/1524029208.xml
cid:  1525526933
http://comment.bilibili.com/1525526933.xml
cid:  1525477550
http://comment.bilibili.com/1525477550.xml
cid:  1493258927
http://comment.bilibili.com/1493258927.xml
cid:  1518109631
http://comment.bilibili.com/1518109631.xml
cid:  1525220989
http://comment.bilibili.com/1525220989.xml
cid:  1533153205
http://comment.bilibili.com/1533153205.xml
cid:  1532256268
http://comment.bilibili.com/1532256268.xml
cid:  1530733537
http://comment.bilibili.com/1530733537.xml
cid:  1529308955
http://comment.bilibili.com/1529308955.xml
cid:  1524735461
http://comment.bilibili.com/1524735461.xml
cid:  1498229125
http://comment.bilibili.com/1498229125.xml
cid:  1534447555
http://comment.bilibili.com/1534447555.xml
cid:  1525349299
http://comment.bilibili.com/1525349299.xml
cid:  1463258150
http://comment.bilibili.com/1463258150.xml
cid:  1497020449
http://comment.bilibili.com/1497020449.xml
cid:  1530967754
http://comment.bilibili.com/1530967754.xml
cid:  1531872058
http://comment.bilibili.com/1531872058.xml
cid:  1533585708
http://comment.bilibili.com/1533585708.xml
working in  technology.csv
cid:  1529380256
http://comment.bilibili.com/1529380256.xml
cid:  1530645013
http://comment.bilibili.com/1530645013.xml
cid:  1529806057
http://comment.bilibili.com/1529806057.xml
cid:  1532218816
http://comment.bilibili.com/1532218816.xml
cid:  1525912371
http://comment.bilibili.com/1525912371.xml
cid:  1518357390
http://comment.bilibili.com/1518357390.xml
cid:  1530779623
http://comment.bilibili.com/1530779623.xml
cid:  1521465734
http://comment.bilibili.com/1521465734.xml
cid:  1530421929
http://comment.bilibili.com/1530421929.xml
cid:  1525811343
http://comment.bilibili.com/1525811343.xml
cid:  1527050464
http://comment.bilibili.com/1527050464.xml
cid:  1529983754
http://comment.bilibili.com/1529983754.xml
cid:  1522007931
http://comment.bilibili.com/1522007931.xml
cid:  1498289319
http://comment.bilibili.com/1498289319.xml
cid:  1526054263
http://comment.bilibili.com/1526054263.xml
cid:  1531933643
http://comment.bilibili.com/1531933643.xml
cid:  1533388101
http://comment.bilibili.com/1533388101.xml
cid:  1529385890
http://comment.bilibili.com/1529385890.xml
cid:  1533501932
http://comment.bilibili.com/1533501932.xml
cid:  1530565443
http://comment.bilibili.com/1530565443.xml
cid:  1532607797
http://comment.bilibili.com/1532607797.xml
cid:  1532573936
http://comment.bilibili.com/1532573936.xml
cid:  1507413028
http://comment.bilibili.com/1507413028.xml
cid:  1527879467
http://comment.bilibili.com/1527879467.xml
cid:  1483944162
http://comment.bilibili.com/1483944162.xml
cid:  1532633383
http://comment.bilibili.com/1532633383.xml
cid:  1530844544
http://comment.bilibili.com/1530844544.xml
cid:  1528359487
http://comment.bilibili.com/1528359487.xml
cid:  1532316894
http://comment.bilibili.com/1532316894.xml
cid:  1526030910
http://comment.bilibili.com/1526030910.xml
cid:  1531273076
http://comment.bilibili.com/1531273076.xml
cid:  1528602834
http://comment.bilibili.com/1528602834.xml
cid:  1531073877
http://comment.bilibili.com/1531073877.xml
cid:  1528334839
http://comment.bilibili.com/1528334839.xml
cid:  1532187647
http://comment.bilibili.com/1532187647.xml
cid:  1527715523
http://comment.bilibili.com/1527715523.xml
cid:  1513606371
http://comment.bilibili.com/1513606371.xml
cid:  1530237703
http://comment.bilibili.com/1530237703.xml
cid:  1520957963
http://comment.bilibili.com/1520957963.xml
cid:  1531992344
http://comment.bilibili.com/1531992344.xml
cid:  1525753611
http://comment.bilibili.com/1525753611.xml
cid:  1528312991
http://comment.bilibili.com/1528312991.xml
cid:  1522554373
http://comment.bilibili.com/1522554373.xml
cid:  1530407397
http://comment.bilibili.com/1530407397.xml
cid:  1528239021
http://comment.bilibili.com/1528239021.xml
cid:  1530803180
http://comment.bilibili.com/1530803180.xml
cid:  1530757169
http://comment.bilibili.com/1530757169.xml
cid:  1530714612
http://comment.bilibili.com/1530714612.xml
cid:  1510376196
http://comment.bilibili.com/1510376196.xml
cid:  1525611612
http://comment.bilibili.com/1525611612.xml
cid:  1520797694
http://comment.bilibili.com/1520797694.xml
cid:  1530244050
http://comment.bilibili.com/1530244050.xml
cid:  1525774829
http://comment.bilibili.com/1525774829.xml
cid:  1519472614
http://comment.bilibili.com/1519472614.xml
cid:  1527522502
http://comment.bilibili.com/1527522502.xml
cid:  1533112145
http://comment.bilibili.com/1533112145.xml
cid:  1517686514
http://comment.bilibili.com/1517686514.xml
cid:  1523394383
http://comment.bilibili.com/1523394383.xml
cid:  1526723331
http://comment.bilibili.com/1526723331.xml
cid:  1530444973
http://comment.bilibili.com/1530444973.xml
cid:  1531026012
http://comment.bilibili.com/1531026012.xml
cid:  1530196247
http://comment.bilibili.com/1530196247.xml
cid:  1524288052
http://comment.bilibili.com/1524288052.xml
cid:  1527221200
http://comment.bilibili.com/1527221200.xml
cid:  1530225117
http://comment.bilibili.com/1530225117.xml
cid:  1527218006
http://comment.bilibili.com/1527218006.xml
cid:  1323870704
http://comment.bilibili.com/1323870704.xml
cid:  1524444212
http://comment.bilibili.com/1524444212.xml
cid:  1530373478
http://comment.bilibili.com/1530373478.xml
cid:  1506761971
http://comment.bilibili.com/1506761971.xml
cid:  1512016961
http://comment.bilibili.com/1512016961.xml
cid:  1530063370
http://comment.bilibili.com/1530063370.xml
cid:  1529330412
http://comment.bilibili.com/1529330412.xml
cid:  1518428458
http://comment.bilibili.com/1518428458.xml
cid:  1527636358
http://comment.bilibili.com/1527636358.xml
cid:  1527984952
http://comment.bilibili.com/1527984952.xml
cid:  1529313440
http://comment.bilibili.com/1529313440.xml
cid:  1522123850
http://comment.bilibili.com/1522123850.xml
cid:  1529314135
http://comment.bilibili.com/1529314135.xml
cid:  1532345870
http://comment.bilibili.com/1532345870.xml
cid:  1530189182
http://comment.bilibili.com/1530189182.xml
cid:  1523076375
http://comment.bilibili.com/1523076375.xml
cid:  1467227346
http://comment.bilibili.com/1467227346.xml
cid:  1528221404
http://comment.bilibili.com/1528221404.xml
cid:  1529073306
http://comment.bilibili.com/1529073306.xml
cid:  1518453714
http://comment.bilibili.com/1518453714.xml
cid:  1527744522
http://comment.bilibili.com/1527744522.xml
cid:  1532204071
http://comment.bilibili.com/1532204071.xml
cid:  1523169127
http://comment.bilibili.com/1523169127.xml
cid:  1530018023
http://comment.bilibili.com/1530018023.xml
cid:  1436569959
http://comment.bilibili.com/1436569959.xml
cid:  1525812826
http://comment.bilibili.com/1525812826.xml
cid:  1525278620
http://comment.bilibili.com/1525278620.xml
cid:  1530660126
http://comment.bilibili.com/1530660126.xml
cid:  1532377230
http://comment.bilibili.com/1532377230.xml
cid:  1530756819
http://comment.bilibili.com/1530756819.xml
cid:  1530055439
http://comment.bilibili.com/1530055439.xml
cid:  1532190585
http://comment.bilibili.com/1532190585.xml
cid:  1527633791
http://comment.bilibili.com/1527633791.xml
cid:  1529609142
http://comment.bilibili.com/1529609142.xml
working in  sports.csv
cid:  1530968564
http://comment.bilibili.com/1530968564.xml
cid:  1530990925
http://comment.bilibili.com/1530990925.xml
cid:  1529701682
http://comment.bilibili.com/1529701682.xml
cid:  1530710042
http://comment.bilibili.com/1530710042.xml
cid:  1530191459
http://comment.bilibili.com/1530191459.xml
cid:  1532187322
http://comment.bilibili.com/1532187322.xml
cid:  1528596787
http://comment.bilibili.com/1528596787.xml
cid:  1531518167
http://comment.bilibili.com/1531518167.xml
cid:  1524186301
http://comment.bilibili.com/1524186301.xml
cid:  1527794354
http://comment.bilibili.com/1527794354.xml
cid:  1529469409
http://comment.bilibili.com/1529469409.xml
cid:  1532073917
http://comment.bilibili.com/1532073917.xml
cid:  1530891741
http://comment.bilibili.com/1530891741.xml
cid:  1532974397
http://comment.bilibili.com/1532974397.xml
cid:  1530903732
http://comment.bilibili.com/1530903732.xml
cid:  1530634611
http://comment.bilibili.com/1530634611.xml
cid:  1532003611
http://comment.bilibili.com/1532003611.xml
cid:  1525503917
http://comment.bilibili.com/1525503917.xml
cid:  1529621037
http://comment.bilibili.com/1529621037.xml
cid:  1530677157
http://comment.bilibili.com/1530677157.xml
cid:  1529895394
http://comment.bilibili.com/1529895394.xml
cid:  1527269173
http://comment.bilibili.com/1527269173.xml
cid:  1530459708
http://comment.bilibili.com/1530459708.xml
cid:  1530570758
http://comment.bilibili.com/1530570758.xml
cid:  1530253633
http://comment.bilibili.com/1530253633.xml
cid:  1530975081
http://comment.bilibili.com/1530975081.xml
cid:  1529025373
http://comment.bilibili.com/1529025373.xml
cid:  1533979238
http://comment.bilibili.com/1533979238.xml
cid:  1533294234
http://comment.bilibili.com/1533294234.xml
cid:  1530918906
http://comment.bilibili.com/1530918906.xml
cid:  1530577116
http://comment.bilibili.com/1530577116.xml
cid:  1529305651
http://comment.bilibili.com/1529305651.xml
cid:  1525994950
http://comment.bilibili.com/1525994950.xml
cid:  1481721145
http://comment.bilibili.com/1481721145.xml
cid:  1528952846
http://comment.bilibili.com/1528952846.xml
cid:  1526999743
http://comment.bilibili.com/1526999743.xml
cid:  1520366089
http://comment.bilibili.com/1520366089.xml
cid:  1531759620
http://comment.bilibili.com/1531759620.xml
cid:  1529971417
http://comment.bilibili.com/1529971417.xml
cid:  1528917848
http://comment.bilibili.com/1528917848.xml
cid:  1531646527
http://comment.bilibili.com/1531646527.xml
cid:  1533170246
http://comment.bilibili.com/1533170246.xml
cid:  1532189359
http://comment.bilibili.com/1532189359.xml
cid:  1530733849
http://comment.bilibili.com/1530733849.xml
cid:  1531069866
http://comment.bilibili.com/1531069866.xml
cid:  1532603288
http://comment.bilibili.com/1532603288.xml
cid:  1526763633
http://comment.bilibili.com/1526763633.xml
cid:  1530741395
http://comment.bilibili.com/1530741395.xml
cid:  1529325363
http://comment.bilibili.com/1529325363.xml
cid:  1451728415
http://comment.bilibili.com/1451728415.xml
cid:  1530637451
http://comment.bilibili.com/1530637451.xml
cid:  1531462787
http://comment.bilibili.com/1531462787.xml
cid:  1531104330
http://comment.bilibili.com/1531104330.xml
cid:  1533147496
http://comment.bilibili.com/1533147496.xml
cid:  1529632975
http://comment.bilibili.com/1529632975.xml
cid:  1531672430
http://comment.bilibili.com/1531672430.xml
cid:  1531415412
http://comment.bilibili.com/1531415412.xml
cid:  1533405199
http://comment.bilibili.com/1533405199.xml
cid:  1532084958
http://comment.bilibili.com/1532084958.xml
cid:  1533566835
http://comment.bilibili.com/1533566835.xml
cid:  1528823493
http://comment.bilibili.com/1528823493.xml
cid:  1529508424
http://comment.bilibili.com/1529508424.xml
cid:  1523958827
http://comment.bilibili.com/1523958827.xml
cid:  1532249707
http://comment.bilibili.com/1532249707.xml
cid:  1529355091
http://comment.bilibili.com/1529355091.xml
cid:  1530714551
http://comment.bilibili.com/1530714551.xml
cid:  1533283898
http://comment.bilibili.com/1533283898.xml
cid:  1529635194
http://comment.bilibili.com/1529635194.xml
cid:  1527634023
http://comment.bilibili.com/1527634023.xml
cid:  1530403868
http://comment.bilibili.com/1530403868.xml
cid:  1528840567
http://comment.bilibili.com/1528840567.xml
cid:  1530782618
http://comment.bilibili.com/1530782618.xml
cid:  1531836622
http://comment.bilibili.com/1531836622.xml
cid:  1531221965
http://comment.bilibili.com/1531221965.xml
cid:  1530218172
http://comment.bilibili.com/1530218172.xml
cid:  1530752978
http://comment.bilibili.com/1530752978.xml
cid:  1530373308
http://comment.bilibili.com/1530373308.xml
cid:  1529302007
http://comment.bilibili.com/1529302007.xml
cid:  1532661990
http://comment.bilibili.com/1532661990.xml
cid:  1530171355
http://comment.bilibili.com/1530171355.xml
cid:  1528642962
http://comment.bilibili.com/1528642962.xml
cid:  1531224967
http://comment.bilibili.com/1531224967.xml
cid:  1502890466
http://comment.bilibili.com/1502890466.xml
cid:  1524272211
http://comment.bilibili.com/1524272211.xml
cid:  1508632021
http://comment.bilibili.com/1508632021.xml
cid:  1504641956
http://comment.bilibili.com/1504641956.xml
cid:  1525182792
http://comment.bilibili.com/1525182792.xml
cid:  1531531305
http://comment.bilibili.com/1531531305.xml
cid:  1532039655
http://comment.bilibili.com/1532039655.xml
cid:  1516982396
http://comment.bilibili.com/1516982396.xml
cid:  1534465903
http://comment.bilibili.com/1534465903.xml
cid:  1530898498
http://comment.bilibili.com/1530898498.xml
cid:  1522176421
http://comment.bilibili.com/1522176421.xml
cid:  1523665485
http://comment.bilibili.com/1523665485.xml
cid:  1525566504
http://comment.bilibili.com/1525566504.xml
cid:  1530696974
http://comment.bilibili.com/1530696974.xml
cid:  1530521658
http://comment.bilibili.com/1530521658.xml
cid:  1525212936
http://comment.bilibili.com/1525212936.xml
cid:  1531757809
http://comment.bilibili.com/1531757809.xml
cid:  1513656598
http://comment.bilibili.com/1513656598.xml
working in  fashion.csv
cid:  1532217099
http://comment.bilibili.com/1532217099.xml
cid:  1530851246
http://comment.bilibili.com/1530851246.xml
cid:  1532106296
http://comment.bilibili.com/1532106296.xml
cid:  1530406203
http://comment.bilibili.com/1530406203.xml
cid:  1530347749
http://comment.bilibili.com/1530347749.xml
cid:  1533231808
http://comment.bilibili.com/1533231808.xml
cid:  1533838983
http://comment.bilibili.com/1533838983.xml
cid:  1530513449
http://comment.bilibili.com/1530513449.xml
cid:  1530629535
http://comment.bilibili.com/1530629535.xml
cid:  1532103984
http://comment.bilibili.com/1532103984.xml
cid:  1529413897
http://comment.bilibili.com/1529413897.xml
cid:  1529150149
http://comment.bilibili.com/1529150149.xml
cid:  1530280803
http://comment.bilibili.com/1530280803.xml
cid:  1532170533
http://comment.bilibili.com/1532170533.xml
cid:  1528101335
http://comment.bilibili.com/1528101335.xml
cid:  1531708792
http://comment.bilibili.com/1531708792.xml
cid:  1530849778
http://comment.bilibili.com/1530849778.xml
cid:  1529463058
http://comment.bilibili.com/1529463058.xml
cid:  1532795538
http://comment.bilibili.com/1532795538.xml
cid:  1531862570
http://comment.bilibili.com/1531862570.xml
cid:  1524419722
http://comment.bilibili.com/1524419722.xml
cid:  1530786963
http://comment.bilibili.com/1530786963.xml
cid:  1530638918
http://comment.bilibili.com/1530638918.xml
cid:  1530914359
http://comment.bilibili.com/1530914359.xml
cid:  1530417293
http://comment.bilibili.com/1530417293.xml
cid:  1529407993
http://comment.bilibili.com/1529407993.xml
cid:  1531106929
http://comment.bilibili.com/1531106929.xml
cid:  1531817771
http://comment.bilibili.com/1531817771.xml
cid:  1529517439
http://comment.bilibili.com/1529517439.xml
cid:  1530789634
http://comment.bilibili.com/1530789634.xml
cid:  1533932678
http://comment.bilibili.com/1533932678.xml
cid:  1530778599
http://comment.bilibili.com/1530778599.xml
cid:  1530838867
http://comment.bilibili.com/1530838867.xml
cid:  1529540353
http://comment.bilibili.com/1529540353.xml
cid:  1531700116
http://comment.bilibili.com/1531700116.xml
cid:  1530374158
http://comment.bilibili.com/1530374158.xml
cid:  1530761437
http://comment.bilibili.com/1530761437.xml
cid:  1532046259
http://comment.bilibili.com/1532046259.xml
cid:  1532086942
http://comment.bilibili.com/1532086942.xml
cid:  1532708373
http://comment.bilibili.com/1532708373.xml
cid:  1529416866
http://comment.bilibili.com/1529416866.xml
cid:  1519372173
http://comment.bilibili.com/1519372173.xml
cid:  1529847883
http://comment.bilibili.com/1529847883.xml
cid:  1524147694
http://comment.bilibili.com/1524147694.xml
cid:  1529319822
http://comment.bilibili.com/1529319822.xml
cid:  1530891220
http://comment.bilibili.com/1530891220.xml
cid:  1529410497
http://comment.bilibili.com/1529410497.xml
cid:  1530912213
http://comment.bilibili.com/1530912213.xml
cid:  1531909655
http://comment.bilibili.com/1531909655.xml
cid:  1530897369
http://comment.bilibili.com/1530897369.xml
cid:  1529472771
http://comment.bilibili.com/1529472771.xml
cid:  1533194754
http://comment.bilibili.com/1533194754.xml
cid:  1528750222
http://comment.bilibili.com/1528750222.xml
cid:  1529339500
http://comment.bilibili.com/1529339500.xml
cid:  1532330041
http://comment.bilibili.com/1532330041.xml
cid:  1530704365
http://comment.bilibili.com/1530704365.xml
cid:  1529393835
http://comment.bilibili.com/1529393835.xml
cid:  1531080972
http://comment.bilibili.com/1531080972.xml
cid:  1530912560
http://comment.bilibili.com/1530912560.xml
cid:  1531129874
http://comment.bilibili.com/1531129874.xml
cid:  1530295937
http://comment.bilibili.com/1530295937.xml
cid:  1530967896
http://comment.bilibili.com/1530967896.xml
cid:  1529326366
http://comment.bilibili.com/1529326366.xml
cid:  1526695591
http://comment.bilibili.com/1526695591.xml
cid:  1519599390
http://comment.bilibili.com/1519599390.xml
cid:  1531646588
http://comment.bilibili.com/1531646588.xml
cid:  1530895900
http://comment.bilibili.com/1530895900.xml
cid:  1529618207
http://comment.bilibili.com/1529618207.xml
cid:  1529325361
http://comment.bilibili.com/1529325361.xml
cid:  1525510134
http://comment.bilibili.com/1525510134.xml
cid:  1530907111
http://comment.bilibili.com/1530907111.xml
cid:  1530382518
http://comment.bilibili.com/1530382518.xml
cid:  1529523284
http://comment.bilibili.com/1529523284.xml
cid:  1532280905
http://comment.bilibili.com/1532280905.xml
cid:  1515997595
http://comment.bilibili.com/1515997595.xml
cid:  1532092917
http://comment.bilibili.com/1532092917.xml
cid:  1533090906
http://comment.bilibili.com/1533090906.xml
cid:  1533737367
http://comment.bilibili.com/1533737367.xml
cid:  1532371843
http://comment.bilibili.com/1532371843.xml
cid:  1527294215
http://comment.bilibili.com/1527294215.xml
cid:  1529706862
http://comment.bilibili.com/1529706862.xml
cid:  1528075604
http://comment.bilibili.com/1528075604.xml
cid:  1525185503
http://comment.bilibili.com/1525185503.xml
cid:  1530554215
http://comment.bilibili.com/1530554215.xml
cid:  1532686856
http://comment.bilibili.com/1532686856.xml
cid:  1530911037
http://comment.bilibili.com/1530911037.xml
cid:  1533709072
http://comment.bilibili.com/1533709072.xml
cid:  1529798875
http://comment.bilibili.com/1529798875.xml
cid:  1530184127
http://comment.bilibili.com/1530184127.xml
cid:  1525235929
http://comment.bilibili.com/1525235929.xml
cid:  1530770464
http://comment.bilibili.com/1530770464.xml
cid:  1531445396
http://comment.bilibili.com/1531445396.xml
cid:  1529349213
http://comment.bilibili.com/1529349213.xml
cid:  1531806121
http://comment.bilibili.com/1531806121.xml
cid:  1530412070
http://comment.bilibili.com/1530412070.xml
cid:  1529456187
http://comment.bilibili.com/1529456187.xml
cid:  1532276337
http://comment.bilibili.com/1532276337.xml
cid:  1532122047
http://comment.bilibili.com/1532122047.xml
cid:  1513859969
http://comment.bilibili.com/1513859969.xml
cid:  1528927383
http://comment.bilibili.com/1528927383.xml
working in  fun.csv
cid:  1528289589
http://comment.bilibili.com/1528289589.xml
cid:  1529446282
http://comment.bilibili.com/1529446282.xml
cid:  1531332534
http://comment.bilibili.com/1531332534.xml
cid:  1532774414
http://comment.bilibili.com/1532774414.xml
cid:  1529903980
http://comment.bilibili.com/1529903980.xml
cid:  1532001594
http://comment.bilibili.com/1532001594.xml
cid:  1529473529
http://comment.bilibili.com/1529473529.xml
cid:  1532856467
http://comment.bilibili.com/1532856467.xml
cid:  1529213534
http://comment.bilibili.com/1529213534.xml
cid:  1530359947
http://comment.bilibili.com/1530359947.xml
cid:  1444012476
http://comment.bilibili.com/1444012476.xml
cid:  1486283418
http://comment.bilibili.com/1486283418.xml
cid:  1530673298
http://comment.bilibili.com/1530673298.xml
cid:  1531160524
http://comment.bilibili.com/1531160524.xml
cid:  1533589243
http://comment.bilibili.com/1533589243.xml
cid:  1531123467
http://comment.bilibili.com/1531123467.xml
cid:  1530606809
http://comment.bilibili.com/1530606809.xml
cid:  1530966195
http://comment.bilibili.com/1530966195.xml
cid:  1526217332
http://comment.bilibili.com/1526217332.xml
cid:  1530675279
http://comment.bilibili.com/1530675279.xml
cid:  1530821337
http://comment.bilibili.com/1530821337.xml
cid:  1531919257
http://comment.bilibili.com/1531919257.xml
cid:  1530765723
http://comment.bilibili.com/1530765723.xml
cid:  1532703353
http://comment.bilibili.com/1532703353.xml
cid:  1531076054
http://comment.bilibili.com/1531076054.xml
cid:  1532294619
http://comment.bilibili.com/1532294619.xml
cid:  1530809547
http://comment.bilibili.com/1530809547.xml
cid:  1530192347
http://comment.bilibili.com/1530192347.xml
cid:  1531414671
http://comment.bilibili.com/1531414671.xml
cid:  1530852932
http://comment.bilibili.com/1530852932.xml
cid:  1525613198
http://comment.bilibili.com/1525613198.xml
cid:  1533215951
http://comment.bilibili.com/1533215951.xml
cid:  1529721776
http://comment.bilibili.com/1529721776.xml
cid:  1532653776
http://comment.bilibili.com/1532653776.xml
cid:  1531241907
http://comment.bilibili.com/1531241907.xml
cid:  1529877740
http://comment.bilibili.com/1529877740.xml
cid:  1526591123
http://comment.bilibili.com/1526591123.xml
cid:  1529895650
http://comment.bilibili.com/1529895650.xml
cid:  1525547368
http://comment.bilibili.com/1525547368.xml
cid:  1530835347
http://comment.bilibili.com/1530835347.xml
cid:  1529492267
http://comment.bilibili.com/1529492267.xml
cid:  1528932768
http://comment.bilibili.com/1528932768.xml
cid:  1532013458
http://comment.bilibili.com/1532013458.xml
cid:  1532687522
http://comment.bilibili.com/1532687522.xml
cid:  1533702865
http://comment.bilibili.com/1533702865.xml
cid:  1533823932
http://comment.bilibili.com/1533823932.xml
cid:  1511999559
http://comment.bilibili.com/1511999559.xml
cid:  1531314233
http://comment.bilibili.com/1531314233.xml
cid:  1530798244
http://comment.bilibili.com/1530798244.xml
cid:  1531396214
http://comment.bilibili.com/1531396214.xml
cid:  1531984469
http://comment.bilibili.com/1531984469.xml
cid:  1529501100
http://comment.bilibili.com/1529501100.xml
cid:  1531270367
http://comment.bilibili.com/1531270367.xml
cid:  1530359831
http://comment.bilibili.com/1530359831.xml
cid:  1533465808
http://comment.bilibili.com/1533465808.xml
cid:  1530927520
http://comment.bilibili.com/1530927520.xml
cid:  1525621546
http://comment.bilibili.com/1525621546.xml
cid:  1531755926
http://comment.bilibili.com/1531755926.xml
cid:  1527020210
http://comment.bilibili.com/1527020210.xml
cid:  1531053571
http://comment.bilibili.com/1531053571.xml
cid:  1531644234
http://comment.bilibili.com/1531644234.xml
cid:  1533306748
http://comment.bilibili.com/1533306748.xml
cid:  1530401978
http://comment.bilibili.com/1530401978.xml
cid:  1531217282
http://comment.bilibili.com/1531217282.xml
cid:  1531061543
http://comment.bilibili.com/1531061543.xml
cid:  1532102636
http://comment.bilibili.com/1532102636.xml
cid:  1526676486
http://comment.bilibili.com/1526676486.xml
cid:  1530815741
http://comment.bilibili.com/1530815741.xml
cid:  1532510937
http://comment.bilibili.com/1532510937.xml
cid:  1526503909
http://comment.bilibili.com/1526503909.xml
cid:  1530122530
http://comment.bilibili.com/1530122530.xml
cid:  1532220853
http://comment.bilibili.com/1532220853.xml
cid:  1533686119
http://comment.bilibili.com/1533686119.xml
cid:  1533423719
http://comment.bilibili.com/1533423719.xml
cid:  1533670088
http://comment.bilibili.com/1533670088.xml
cid:  1532695769
http://comment.bilibili.com/1532695769.xml
cid:  1533175653
http://comment.bilibili.com/1533175653.xml
cid:  1526781807
http://comment.bilibili.com/1526781807.xml
cid:  1529801923
http://comment.bilibili.com/1529801923.xml
cid:  1530808850
http://comment.bilibili.com/1530808850.xml
cid:  1530885379
http://comment.bilibili.com/1530885379.xml
cid:  1457951252
http://comment.bilibili.com/1457951252.xml
cid:  1469978856
http://comment.bilibili.com/1469978856.xml
cid:  1533339436
http://comment.bilibili.com/1533339436.xml
cid:  1530496030
http://comment.bilibili.com/1530496030.xml
cid:  1496372582
http://comment.bilibili.com/1496372582.xml
cid:  1534062358
http://comment.bilibili.com/1534062358.xml
cid:  1517466594
http://comment.bilibili.com/1517466594.xml
cid:  1449757524
http://comment.bilibili.com/1449757524.xml
cid:  1531182635
http://comment.bilibili.com/1531182635.xml
cid:  1530224228
http://comment.bilibili.com/1530224228.xml
cid:  1532041806
http://comment.bilibili.com/1532041806.xml
cid:  1496860939
http://comment.bilibili.com/1496860939.xml
cid:  1459005646
http://comment.bilibili.com/1459005646.xml
cid:  1530252546
http://comment.bilibili.com/1530252546.xml
cid:  1324630986
http://comment.bilibili.com/1324630986.xml
cid:  1529508199
http://comment.bilibili.com/1529508199.xml
cid:  1530391216
http://comment.bilibili.com/1530391216.xml
cid:  1533245281
http://comment.bilibili.com/1533245281.xml
cid:  1530137208
http://comment.bilibili.com/1530137208.xml
working in  movies.csv
cid:  1532132517
http://comment.bilibili.com/1532132517.xml
cid:  1528975792
http://comment.bilibili.com/1528975792.xml
cid:  1530456360
http://comment.bilibili.com/1530456360.xml
cid:  1530748806
http://comment.bilibili.com/1530748806.xml
cid:  1530719366
http://comment.bilibili.com/1530719366.xml
cid:  1530217514
http://comment.bilibili.com/1530217514.xml
cid:  1525544413
http://comment.bilibili.com/1525544413.xml
cid:  1530270467
http://comment.bilibili.com/1530270467.xml
cid:  1528959704
http://comment.bilibili.com/1528959704.xml
cid:  1530410293
http://comment.bilibili.com/1530410293.xml
cid:  1514163267
http://comment.bilibili.com/1514163267.xml
cid:  1530662775
http://comment.bilibili.com/1530662775.xml
cid:  1530303253
http://comment.bilibili.com/1530303253.xml
cid:  1527134482
http://comment.bilibili.com/1527134482.xml
cid:  1532394934
http://comment.bilibili.com/1532394934.xml
cid:  1528077678
http://comment.bilibili.com/1528077678.xml
cid:  1530583317
http://comment.bilibili.com/1530583317.xml
cid:  1530299675
http://comment.bilibili.com/1530299675.xml
cid:  1530944390
http://comment.bilibili.com/1530944390.xml
cid:  1529406824
http://comment.bilibili.com/1529406824.xml
cid:  1532221001
http://comment.bilibili.com/1532221001.xml
cid:  1533678615
http://comment.bilibili.com/1533678615.xml
cid:  1530763984
http://comment.bilibili.com/1530763984.xml
cid:  1533546070
http://comment.bilibili.com/1533546070.xml
cid:  1530377622
http://comment.bilibili.com/1530377622.xml
cid:  1521834859
http://comment.bilibili.com/1521834859.xml
cid:  1515007257
http://comment.bilibili.com/1515007257.xml
cid:  1529350173
http://comment.bilibili.com/1529350173.xml
cid:  1533485375
http://comment.bilibili.com/1533485375.xml
cid:  1531595026
http://comment.bilibili.com/1531595026.xml
cid:  1530670833
http://comment.bilibili.com/1530670833.xml
cid:  1532147222
http://comment.bilibili.com/1532147222.xml
cid:  1530725359
http://comment.bilibili.com/1530725359.xml
cid:  1533315651
http://comment.bilibili.com/1533315651.xml
cid:  1525599671
http://comment.bilibili.com/1525599671.xml
cid:  1531538289
http://comment.bilibili.com/1531538289.xml
cid:  1533564661
http://comment.bilibili.com/1533564661.xml
cid:  1533137723
http://comment.bilibili.com/1533137723.xml
cid:  1530774845
http://comment.bilibili.com/1530774845.xml
cid:  1530312978
http://comment.bilibili.com/1530312978.xml
cid:  1533543416
http://comment.bilibili.com/1533543416.xml
cid:  1530771893
http://comment.bilibili.com/1530771893.xml
cid:  1532315933
http://comment.bilibili.com/1532315933.xml
cid:  1530815078
http://comment.bilibili.com/1530815078.xml
cid:  1527513896
http://comment.bilibili.com/1527513896.xml
cid:  1527196598
http://comment.bilibili.com/1527196598.xml
cid:  1532220768
http://comment.bilibili.com/1532220768.xml
cid:  1504872810
http://comment.bilibili.com/1504872810.xml
cid:  1533645789
http://comment.bilibili.com/1533645789.xml
cid:  1527607222
http://comment.bilibili.com/1527607222.xml
cid:  1492561580
http://comment.bilibili.com/1492561580.xml
cid:  1528705251
http://comment.bilibili.com/1528705251.xml
cid:  1529325549
http://comment.bilibili.com/1529325549.xml
cid:  1528019328
http://comment.bilibili.com/1528019328.xml
cid:  1530743401
http://comment.bilibili.com/1530743401.xml
cid:  1529797753
http://comment.bilibili.com/1529797753.xml
cid:  1532143428
http://comment.bilibili.com/1532143428.xml
cid:  1524005525
http://comment.bilibili.com/1524005525.xml
cid:  1530644962
http://comment.bilibili.com/1530644962.xml
cid:  1523725176
http://comment.bilibili.com/1523725176.xml
cid:  1454131791
http://comment.bilibili.com/1454131791.xml
cid:  1529548874
http://comment.bilibili.com/1529548874.xml
cid:  1533142460
http://comment.bilibili.com/1533142460.xml
cid:  1525666393
http://comment.bilibili.com/1525666393.xml
cid:  1529378017
http://comment.bilibili.com/1529378017.xml
cid:  1525625755
http://comment.bilibili.com/1525625755.xml
cid:  1533358862
http://comment.bilibili.com/1533358862.xml
cid:  1529217221
http://comment.bilibili.com/1529217221.xml
cid:  1526507138
http://comment.bilibili.com/1526507138.xml
cid:  1522760876
http://comment.bilibili.com/1522760876.xml
cid:  1530847094
http://comment.bilibili.com/1530847094.xml
cid:  1533435787
http://comment.bilibili.com/1533435787.xml
cid:  1530238021
http://comment.bilibili.com/1530238021.xml
cid:  1530433024
http://comment.bilibili.com/1530433024.xml
cid:  1531303599
http://comment.bilibili.com/1531303599.xml
cid:  1530477305
http://comment.bilibili.com/1530477305.xml
cid:  1530332936
http://comment.bilibili.com/1530332936.xml
cid:  1530922761
http://comment.bilibili.com/1530922761.xml
cid:  1530818135
http://comment.bilibili.com/1530818135.xml
cid:  1523155166
http://comment.bilibili.com/1523155166.xml
cid:  1526631778
http://comment.bilibili.com/1526631778.xml
cid:  1530955283
http://comment.bilibili.com/1530955283.xml
cid:  1508064825
http://comment.bilibili.com/1508064825.xml
cid:  1519613145
http://comment.bilibili.com/1519613145.xml
cid:  1520764449
http://comment.bilibili.com/1520764449.xml
cid:  1525651220
http://comment.bilibili.com/1525651220.xml
cid:  1531590468
http://comment.bilibili.com/1531590468.xml
cid:  1531003918
http://comment.bilibili.com/1531003918.xml
cid:  1526547893
http://comment.bilibili.com/1526547893.xml
cid:  1531840418
http://comment.bilibili.com/1531840418.xml
cid:  1519809786
http://comment.bilibili.com/1519809786.xml
cid:  1501555510
http://comment.bilibili.com/1501555510.xml
cid:  1525474366
http://comment.bilibili.com/1525474366.xml
cid:  1514182869
http://comment.bilibili.com/1514182869.xml
cid:  1530988213
http://comment.bilibili.com/1530988213.xml
cid:  1528485926
http://comment.bilibili.com/1528485926.xml
cid:  1520365271
http://comment.bilibili.com/1520365271.xml
cid:  1525226708
http://comment.bilibili.com/1525226708.xml
cid:  1533577329
http://comment.bilibili.com/1533577329.xml
cid:  1530312977
http://comment.bilibili.com/1530312977.xml
working in  origin.csv
cid:  1530919744
http://comment.bilibili.com/1530919744.xml
cid:  1532292980
http://comment.bilibili.com/1532292980.xml
cid:  1533091283
http://comment.bilibili.com/1533091283.xml
cid:  1530965646
http://comment.bilibili.com/1530965646.xml
cid:  1529696116
http://comment.bilibili.com/1529696116.xml
cid:  1525514813
http://comment.bilibili.com/1525514813.xml
cid:  1525719965
http://comment.bilibili.com/1525719965.xml
cid:  1531236122
http://comment.bilibili.com/1531236122.xml
cid:  1532185640
http://comment.bilibili.com/1532185640.xml
cid:  1532129877
http://comment.bilibili.com/1532129877.xml
cid:  1533257953
http://comment.bilibili.com/1533257953.xml
cid:  1528896514
http://comment.bilibili.com/1528896514.xml
cid:  1531253622
http://comment.bilibili.com/1531253622.xml
cid:  1531005824
http://comment.bilibili.com/1531005824.xml
cid:  1530832846
http://comment.bilibili.com/1530832846.xml
cid:  1532132517
http://comment.bilibili.com/1532132517.xml
cid:  1532217099
http://comment.bilibili.com/1532217099.xml
cid:  1530797606
http://comment.bilibili.com/1530797606.xml
cid:  1530637890
http://comment.bilibili.com/1530637890.xml
cid:  1530608723
http://comment.bilibili.com/1530608723.xml
cid:  1530860374
http://comment.bilibili.com/1530860374.xml
cid:  1531790921
http://comment.bilibili.com/1531790921.xml
cid:  1529380256
http://comment.bilibili.com/1529380256.xml
cid:  1530482522
http://comment.bilibili.com/1530482522.xml
cid:  1530554694
http://comment.bilibili.com/1530554694.xml
cid:  1532146797
http://comment.bilibili.com/1532146797.xml
cid:  1528289589
http://comment.bilibili.com/1528289589.xml
cid:  1530175806
http://comment.bilibili.com/1530175806.xml
cid:  1528975792
http://comment.bilibili.com/1528975792.xml
cid:  1531050476
http://comment.bilibili.com/1531050476.xml
cid:  1530456360
http://comment.bilibili.com/1530456360.xml
cid:  1530639064
http://comment.bilibili.com/1530639064.xml
cid:  1530851246
http://comment.bilibili.com/1530851246.xml
cid:  1532106296
http://comment.bilibili.com/1532106296.xml
cid:  1530662592
http://comment.bilibili.com/1530662592.xml
cid:  1530589886
http://comment.bilibili.com/1530589886.xml
cid:  1524166842
http://comment.bilibili.com/1524166842.xml
cid:  1530546907
http://comment.bilibili.com/1530546907.xml
cid:  1532050858
http://comment.bilibili.com/1532050858.xml
cid:  1529144116
http://comment.bilibili.com/1529144116.xml
cid:  1525604523
http://comment.bilibili.com/1525604523.xml
cid:  1500006735
http://comment.bilibili.com/1500006735.xml
cid:  1529465720
http://comment.bilibili.com/1529465720.xml
cid:  1530406203