cid:  1551589683
http://comment.bilibili.com/1551589683.xml
cid:  1551080467
http://comment.bilibili.com/1551080467.xml
cid:  1546997887
http://comment.bilibili.com/1546997887.xml
cid:  1549862802
http://comment.bilibili.com/1549862802.xml
cid:  1548888520
http://comment.bilibili.com/1548888520.xml
cid:  1551274851
http://comment.bilibili.com/1551274851.xml
cid:  1551292297
http://comment.bilibili.com/1551292297.xml
cid:  1548904967
http://comment.bilibili.com/1548904967.xml
cid:  1551189263
http://comment.bilibili.com/1551189263.xml
cid:  1550211505
http://comment.bilibili.com/1550211505.xml
cid:  1551381563
http://comment.bilibili.com/1551381563.xml
cid:  1551303919
http://comment.bilibili.com/1551303919.xml
cid:  1551601575
http://comment.bilibili.com/1551601575.xml
cid:  1551147091
http://comment.bilibili.com/1551147091.xml
cid:  1548123512
http://comment.bilibili.com/1548123512.xml
cid:  1551172790
http://comment.bilibili.com/1551172790.xml
cid:  1551143158
http://comment.bilibili.com/1551143158.xml
cid:  1550849289
http://comment.bilibili.com/1550849289.xml
cid:  1551916297
http://comment.bilibili.com/1551916297.xml
cid:  1551461718
http://comment.bilibili.com/1551461718.xml
cid:  1548470869
http://comment.bilibili.com/1548470869.xml
cid:  1551041440
http://comment.bilibili.com/1551041440.xml
cid:  1551835834
http://comment.bilibili.com/1551835834.xml
cid:  1550684758
http://comment.bilibili.com/1550684758.xml
cid:  1548298095
http://comment.bilibili.com/1548298095.xml
cid:  1551143146
http://comment.bilibili.com/1551143146.xml
cid:  1550158922
http://comment.bilibili.com/1550158922.xml
cid:  1551152958
http://comment.bilibili.com/1551152958.xml
cid:  1548412426
http://comment.bilibili.com/1548412426.xml
cid:  1550949990
http://comment.bilibili.com/1550949990.xml
cid:  1550097705
http://comment.bilibili.com/1550097705.xml
cid:  1549914676
http://comment.bilibili.com/1549914676.xml
cid:  1550890011
http://comment.bilibili.com/1550890011.xml
cid:  1546653732
http://comment.bilibili.com/1546653732.xml
cid:  1548454336
http://comment.bilibili.com/1548454336.xml
cid:  1551036970
http://comment.bilibili.com/1551036970.xml
cid:  1551026183
http://comment.bilibili.com/1551026183.xml
cid:  1551221231
http://comment.bilibili.com/1551221231.xml
cid:  1549579731
http://comment.bilibili.com/1549579731.xml
cid:  1549650251
http://comment.bilibili.com/1549650251.xml
cid:  1550702290
http://comment.bilibili.com/1550702290.xml
cid:  1548946123
http://comment.bilibili.com/1548946123.xml
cid:  1550089411
http://comment.bilibili.com/1550089411.xml
cid:  1548677982
http://comment.bilibili.com/1548677982.xml
cid:  1551133108
http://comment.bilibili.com/1551133108.xml
cid:  1548326522
http://comment.bilibili.com/1548326522.xml
cid:  1550833527
http://comment.bilibili.com/1550833527.xml
cid:  1551104900
http://comment.bilibili.com/1551104900.xml
cid:  1551487966
http://comment.bilibili.com/1551487966.xml
cid:  1551027633
http://comment.bilibili.com/1551027633.xml
cid:  1551749709
http://comment.bilibili.com/1551749709.xml
cid:  1551332339
http://comment.bilibili.com/1551332339.xml
cid:  1551154732
http://comment.bilibili.com/1551154732.xml
cid:  1546282955
http://comment.bilibili.com/1546282955.xml
cid:  1551004760
http://comment.bilibili.com/1551004760.xml
cid:  1550048006
http://comment.bilibili.com/1550048006.xml
cid:  1544789265
http://comment.bilibili.com/1544789265.xml
cid:  1551108943
http://comment.bilibili.com/1551108943.xml
cid:  1549366162
http://comment.bilibili.com/1549366162.xml
cid:  1549531771
http://comment.bilibili.com/1549531771.xml
cid:  1549937117
http://comment.bilibili.com/1549937117.xml
cid:  1545809729
http://comment.bilibili.com/1545809729.xml
cid:  1551046985
http://comment.bilibili.com/1551046985.xml
cid:  1549624031
http://comment.bilibili.com/1549624031.xml
cid:  1545074241
http://comment.bilibili.com/1545074241.xml
cid:  1551221681
http://comment.bilibili.com/1551221681.xml
cid:  1551739608
http://comment.bilibili.com/1551739608.xml
cid:  1547744800
http://comment.bilibili.com/1547744800.xml
cid:  1550626674
http://comment.bilibili.com/1550626674.xml
cid:  1551241412
http://comment.bilibili.com/1551241412.xml
cid:  1551095907
http://comment.bilibili.com/1551095907.xml
cid:  1551115382
http://comment.bilibili.com/1551115382.xml
cid:  1551089376
http://comment.bilibili.com/1551089376.xml
cid:  1550992551
http://comment.bilibili.com/1550992551.xml
cid:  1551205781
http://comment.bilibili.com/1551205781.xml
cid:  1550424388
http://comment.bilibili.com/1550424388.xml
cid:  1551724163
http://comment.bilibili.com/1551724163.xml
cid:  1550246557
http://comment.bilibili.com/1550246557.xml
cid:  1549503587
http://comment.bilibili.com/1549503587.xml
cid:  1551021323
http://comment.bilibili.com/1551021323.xml
cid:  1548702797
http://comment.bilibili.com/1548702797.xml
cid:  1547339589
http://comment.bilibili.com/1547339589.xml
cid:  1544530655
http://comment.bilibili.com/1544530655.xml
cid:  1550989960
http://comment.bilibili.com/1550989960.xml
cid:  1550190211
http://comment.bilibili.com/1550190211.xml
cid:  1548884936
http://comment.bilibili.com/1548884936.xml
cid:  1550830337
http://comment.bilibili.com/1550830337.xml
cid:  1549370122
http://comment.bilibili.com/1549370122.xml
cid:  1550305874
http://comment.bilibili.com/1550305874.xml
cid:  500001546985846
http://comment.bilibili.com/500001546985846.xml
cid:  1550343397
http://comment.bilibili.com/1550343397.xml
cid:  1550914293
http://comment.bilibili.com/1550914293.xml
cid:  1548640420
http://comment.bilibili.com/1548640420.xml
cid:  1549858920
http://comment.bilibili.com/1549858920.xml
cid:  1549833386
http://comment.bilibili.com/1549833386.xml
cid:  1550951887
http://comment.bilibili.com/1550951887.xml
cid:  500001549513739
http://comment.bilibili.com/500001549513739.xml
cid:  1551426780
http://comment.bilibili.com/1551426780.xml
cid:  1549166442
http://comment.bilibili.com/1549166442.xml
cid:  1548738572
http://comment.bilibili.com/1548738572.xml
cid:  1551622739
http://comment.bilibili.com/1551622739.xml
cid:  1548471811
http://comment.bilibili.com/1548471811.xml
cid:  1548749705
http://comment.bilibili.com/1548749705.xml
cid:  1550571526
http://comment.bilibili.com/1550571526.xml
cid:  1550373633
http://comment.bilibili.com/1550373633.xml
cid:  1550881618
http://comment.bilibili.com/1550881618.xml
cid:  1550008536
http://comment.bilibili.com/1550008536.xml
cid:  1548317670
http://comment.bilibili.com/1548317670.xml
cid:  1550219034
http://comment.bilibili.com/1550219034.xml
cid:  1548576641
http://comment.bilibili.com/1548576641.xml
cid:  1547567503
http://comment.bilibili.com/1547567503.xml
cid:  1547485193
http://comment.bilibili.com/1547485193.xml
cid:  1551630666
http://comment.bilibili.com/1551630666.xml
cid:  1549116321
http://comment.bilibili.com/1549116321.xml
cid:  1548856141
http://comment.bilibili.com/1548856141.xml
cid:  1549950867
http://comment.bilibili.com/1549950867.xml
cid:  1548711045
http://comment.bilibili.com/1548711045.xml
cid:  1550020898
http://comment.bilibili.com/1550020898.xml
cid:  1550062579
http://comment.bilibili.com/1550062579.xml
cid:  1547609734
http://comment.bilibili.com/1547609734.xml
cid:  1551509307
http://comment.bilibili.com/1551509307.xml
cid:  1548617335
http://comment.bilibili.com/1548617335.xml
cid:  1549737211
http://comment.bilibili.com/1549737211.xml
cid:  1547504881
http://comment.bilibili.com/1547504881.xml
cid:  1551111750
http://comment.bilibili.com/1551111750.xml
cid:  1547288439
http://comment.bilibili.com/1547288439.xml
cid:  1551072580
http://comment.bilibili.com/1551072580.xml
cid:  1550966992
http://comment.bilibili.com/1550966992.xml
cid:  1551222133
http://comment.bilibili.com/1551222133.xml
cid:  1549729605
http://comment.bilibili.com/1549729605.xml
cid:  1549317330
http://comment.bilibili.com/1549317330.xml
cid:  1548703885
http://comment.bilibili.com/1548703885.xml
cid:  1548369838
http://comment.bilibili.com/1548369838.xml
cid:  1550209508
http://comment.bilibili.com/1550209508.xml
cid:  1550398797
http://comment.bilibili.com/1550398797.xml
cid:  1549675571
http://comment.bilibili.com/1549675571.xml
cid:  1547457504
http://comment.bilibili.com/1547457504.xml
cid:  1551001271
http://comment.bilibili.com/1551001271.xml
cid:  1551203525
http://comment.bilibili.com/1551203525.xml
cid:  1549554882
http://comment.bilibili.com/1549554882.xml
cid:  1549439448
http://comment.bilibili.com/1549439448.xml
cid:  1551181773
http://comment.bilibili.com/1551181773.xml
cid:  500001548745996
http://comment.bilibili.com/500001548745996.xml
cid:  1548238918
http://comment.bilibili.com/1548238918.xml
cid:  1550453609
http://comment.bilibili.com/1550453609.xml
cid:  1550617042
http://comment.bilibili.com/1550617042.xml
cid:  1550742739
http://comment.bilibili.com/1550742739.xml
cid:  1546374378
http://comment.bilibili.com/1546374378.xml
cid:  1551473655
http://comment.bilibili.com/1551473655.xml
cid:  1549318747
http://comment.bilibili.com/1549318747.xml
cid:  1548800061
http://comment.bilibili.com/1548800061.xml
cid:  1545866853
http://comment.bilibili.com/1545866853.xml
cid:  1551051171
http://comment.bilibili.com/1551051171.xml
cid:  1547361444
http://comment.bilibili.com/1547361444.xml
cid:  1551132779
http://comment.bilibili.com/1551132779.xml
cid:  1549013828
http://comment.bilibili.com/1549013828.xml
cid:  1551177600
http://comment.bilibili.com/1551177600.xml
cid:  1550940211
http://comment.bilibili.com/1550940211.xml
cid:  1551089994
http://comment.bilibili.com/1551089994.xml
cid:  1549515795
http://comment.bilibili.com/1549515795.xml
cid:  1552122413
http://comment.bilibili.com/1552122413.xml
cid:  1550785413
http://comment.bilibili.com/1550785413.xml
cid:  1551056624
http://comment.bilibili.com/1551056624.xml
cid:  1548967448
http://comment.bilibili.com/1548967448.xml
cid:  1551051326
http://comment.bilibili.com/1551051326.xml
cid:  1552039179
http://comment.bilibili.com/1552039179.xml
cid:  1550593951
http://comment.bilibili.com/1550593951.xml
cid:  1545622714
http://comment.bilibili.com/1545622714.xml
cid:  1550900585
http://comment.bilibili.com/1550900585.xml
cid:  1547313116
http://comment.bilibili.com/1547313116.xml
cid:  1551085614
http://comment.bilibili.com/1551085614.xml
cid:  1551108122
http://comment.bilibili.com/1551108122.xml
cid:  1546899302
http://comment.bilibili.com/1546899302.xml
cid:  1549887169
http://comment.bilibili.com/1549887169.xml
cid:  1548480376
http://comment.bilibili.com/1548480376.xml
cid:  1549214716
http://comment.bilibili.com/1549214716.xml
cid:  1550829520
http://comment.bilibili.com/1550829520.xml
cid:  1546143253
http://comment.bilibili.com/1546143253.xml
cid:  1548302984
http://comment.bilibili.com/1548302984.xml
cid:  1548562537
http://comment.bilibili.com/1548562537.xml
cid:  1549294595
http://comment.bilibili.com/1549294595.xml
cid:  1551095688
http://comment.bilibili.com/1551095688.xml
cid:  1550003794
http://comment.bilibili.com/1550003794.xml
cid:  1550487936
http://comment.bilibili.com/1550487936.xml
cid:  1551190402
http://comment.bilibili.com/1551190402.xml
cid:  1549213214
http://comment.bilibili.com/1549213214.xml
cid:  1548871656
http://comment.bilibili.com/1548871656.xml
cid:  1549711096
http://comment.bilibili.com/1549711096.xml
cid:  1549709709
http://comment.bilibili.com/1549709709.xml
cid:  1550755216
http://comment.bilibili.com/1550755216.xml
cid:  1549487637
http://comment.bilibili.com/1549487637.xml
cid:  1548959788
http://comment.bilibili.com/1548959788.xml
cid:  1550674601
http://comment.bilibili.com/1550674601.xml
cid:  1550978487
http://comment.bilibili.com/1550978487.xml
cid:  1548527738
http://comment.bilibili.com/1548527738.xml
cid:  1551972678
http://comment.bilibili.com/1551972678.xml
cid:  1551065342
http://comment.bilibili.com/1551065342.xml
cid:  1550922650
http://comment.bilibili.com/1550922650.xml
cid:  1550069334
http://comment.bilibili.com/1550069334.xml
cid:  1550134350
http://comment.bilibili.com/1550134350.xml
cid:  1550373810
http://comment.bilibili.com/1550373810.xml
cid:  1550765352
http://comment.bilibili.com/1550765352.xml
cid:  1549673636
http://comment.bilibili.com/1549673636.xml
cid:  1548761564
http://comment.bilibili.com/1548761564.xml
cid:  1550869542
http://comment.bilibili.com/1550869542.xml
cid:  1550072639
http://comment.bilibili.com/1550072639.xml
cid:  1551077453
http://comment.bilibili.com/1551077453.xml
cid:  1550109103
http://comment.bilibili.com/1550109103.xml
cid:  1550005527
http://comment.bilibili.com/1550005527.xml
cid:  1544913582
http://comment.bilibili.com/1544913582.xml
cid:  1550517469
http://comment.bilibili.com/1550517469.xml
cid:  1551112537
http://comment.bilibili.com/1551112537.xml
cid:  1549965125
http://comment.bilibili.com/1549965125.xml
cid:  1549574868
http://comment.bilibili.com/1549574868.xml
cid:  1550547814
http://comment.bilibili.com/1550547814.xml
cid:  1551016687
http://comment.bilibili.com/1551016687.xml
cid:  1548710638
http://comment.bilibili.com/1548710638.xml
cid:  1548981236
http://comment.bilibili.com/1548981236.xml
cid:  1550181276
http://comment.bilibili.com/1550181276.xml
cid:  1548727493
http://comment.bilibili.com/1548727493.xml
working in  national_original.csv
cid:  1548621781
http://comment.bilibili.com/1548621781.xml
cid:  1544886348
http://comment.bilibili.com/1544886348.xml
cid:  1550086765
http://comment.bilibili.com/1550086765.xml
cid:  1545761779
http://comment.bilibili.com/1545761779.xml
cid:  1549952627
http://comment.bilibili.com/1549952627.xml
cid:  1548264563
http://comment.bilibili.com/1548264563.xml
cid:  1548690080
http://comment.bilibili.com/1548690080.xml
cid:  1548958809
http://comment.bilibili.com/1548958809.xml
cid:  1545164600
http://comment.bilibili.com/1545164600.xml
cid:  1501661938
http://comment.bilibili.com/1501661938.xml
cid:  1548058727
http://comment.bilibili.com/1548058727.xml
cid:  1546177564
http://comment.bilibili.com/1546177564.xml
cid:  1547419674
http://comment.bilibili.com/1547419674.xml
cid:  1549532090
http://comment.bilibili.com/1549532090.xml
cid:  1541013389
http://comment.bilibili.com/1541013389.xml
cid:  1547304526
http://comment.bilibili.com/1547304526.xml
cid:  1551206778
http://comment.bilibili.com/1551206778.xml
cid:  1544723767
http://comment.bilibili.com/1544723767.xml
cid:  1540436173
http://comment.bilibili.com/1540436173.xml
cid:  1547643079
http://comment.bilibili.com/1547643079.xml
cid:  1547287805
http://comment.bilibili.com/1547287805.xml
cid:  1545269063
http://comment.bilibili.com/1545269063.xml
cid:  1547558055
http://comment.bilibili.com/1547558055.xml
cid:  1547966042
http://comment.bilibili.com/1547966042.xml
cid:  1497181603
http://comment.bilibili.com/1497181603.xml
cid:  1546162131
http://comment.bilibili.com/1546162131.xml
cid:  1526475307
http://comment.bilibili.com/1526475307.xml
cid:  1485951603
http://comment.bilibili.com/1485951603.xml
cid:  1550052716
http://comment.bilibili.com/1550052716.xml
cid:  1543952826
http://comment.bilibili.com/1543952826.xml
cid:  1548637589
http://comment.bilibili.com/1548637589.xml
cid:  1547437653
http://comment.bilibili.com/1547437653.xml
cid:  1549435501
http://comment.bilibili.com/1549435501.xml
cid:  1542703128
http://comment.bilibili.com/1542703128.xml
cid:  1549379251
http://comment.bilibili.com/1549379251.xml
cid:  1548740929
http://comment.bilibili.com/1548740929.xml
cid:  1545614199
http://comment.bilibili.com/1545614199.xml
cid:  1295596750
http://comment.bilibili.com/1295596750.xml
cid:  1469939683
http://comment.bilibili.com/1469939683.xml
cid:  1393964044
http://comment.bilibili.com/1393964044.xml
cid:  1511681022
http://comment.bilibili.com/1511681022.xml
cid:  1548611429
http://comment.bilibili.com/1548611429.xml
cid:  1550377837
http://comment.bilibili.com/1550377837.xml
cid:  1544199340
http://comment.bilibili.com/1544199340.xml
cid:  1546198100
http://comment.bilibili.com/1546198100.xml
cid:  1544154545
http://comment.bilibili.com/1544154545.xml
cid:  1547970742
http://comment.bilibili.com/1547970742.xml
cid:  1549840295
http://comment.bilibili.com/1549840295.xml
cid:  1346348171
http://comment.bilibili.com/1346348171.xml
cid:  1548688126
http://comment.bilibili.com/1548688126.xml
cid:  1548536869
http://comment.bilibili.com/1548536869.xml
cid:  515681956
http://comment.bilibili.com/515681956.xml
cid:  1546516958
http://comment.bilibili.com/1546516958.xml
cid:  1387409428
http://comment.bilibili.com/1387409428.xml
cid:  1550109767
http://comment.bilibili.com/1550109767.xml
cid:  1480553265
http://comment.bilibili.com/1480553265.xml
cid:  1463457910
http://comment.bilibili.com/1463457910.xml
cid:  1547913152
http://comment.bilibili.com/1547913152.xml
cid:  1550295605
http://comment.bilibili.com/1550295605.xml
cid:  1548514935
http://comment.bilibili.com/1548514935.xml
cid:  1543429617
http://comment.bilibili.com/1543429617.xml
cid:  1518509396
http://comment.bilibili.com/1518509396.xml
cid:  1550691850
http://comment.bilibili.com/1550691850.xml
cid:  1546071949
http://comment.bilibili.com/1546071949.xml
cid:  1548842836
http://comment.bilibili.com/1548842836.xml
cid:  1351205939
http://comment.bilibili.com/1351205939.xml
cid:  1547344875
http://comment.bilibili.com/1547344875.xml
cid:  1550092372
http://comment.bilibili.com/1550092372.xml
cid:  1538031375
http://comment.bilibili.com/1538031375.xml
cid:  1548780766
http://comment.bilibili.com/1548780766.xml
cid:  1548266887
http://comment.bilibili.com/1548266887.xml
cid:  929733292
http://comment.bilibili.com/929733292.xml
cid:  1546983442
http://comment.bilibili.com/1546983442.xml
cid:  1545903813
http://comment.bilibili.com/1545903813.xml
cid:  1550448646
http://comment.bilibili.com/1550448646.xml
cid:  1545559439
http://comment.bilibili.com/1545559439.xml
cid:  1547552921
http://comment.bilibili.com/1547552921.xml
cid:  1543793803
http://comment.bilibili.com/1543793803.xml
cid:  1548748573
http://comment.bilibili.com/1548748573.xml
cid:  1548703625
http://comment.bilibili.com/1548703625.xml
cid:  1444607923
http://comment.bilibili.com/1444607923.xml
cid:  1391500330
http://comment.bilibili.com/1391500330.xml
cid:  1548478080
http://comment.bilibili.com/1548478080.xml
cid:  1325631042
http://comment.bilibili.com/1325631042.xml
cid:  1548769976
http://comment.bilibili.com/1548769976.xml
cid:  1527799741
http://comment.bilibili.com/1527799741.xml
cid:  1550631111
http://comment.bilibili.com/1550631111.xml
cid:  1546480883
http://comment.bilibili.com/1546480883.xml
cid:  1547465252
http://comment.bilibili.com/1547465252.xml
cid:  1540048599
http://comment.bilibili.com/1540048599.xml
cid:  1545513300
http://comment.bilibili.com/1545513300.xml
cid:  1547179791
http://comment.bilibili.com/1547179791.xml
cid:  1539629340
http://comment.bilibili.com/1539629340.xml
cid:  1547404479
http://comment.bilibili.com/1547404479.xml
cid:  1124459899
http://comment.bilibili.com/1124459899.xml
cid:  1520977502
http://comment.bilibili.com/1520977502.xml
cid:  1539303941
http://comment.bilibili.com/1539303941.xml
cid:  1535334612
http://comment.bilibili.com/1535334612.xml
cid:  1550048796
http://comment.bilibili.com/1550048796.xml
cid:  1436181941
http://comment.bilibili.com/1436181941.xml
working in  anime.csv
cid:  1547544254
http://comment.bilibili.com/1547544254.xml
cid:  1551292297
http://comment.bilibili.com/1551292297.xml
cid:  1548302335
http://comment.bilibili.com/1548302335.xml
cid:  1548761564
http://comment.bilibili.com/1548761564.xml
cid:  1548755472
http://comment.bilibili.com/1548755472.xml
cid:  1550684758
http://comment.bilibili.com/1550684758.xml
cid:  1545925299
http://comment.bilibili.com/1545925299.xml
cid:  1549648458
http://comment.bilibili.com/1549648458.xml
cid:  1548278162
http://comment.bilibili.com/1548278162.xml
cid:  1548493733
http://comment.bilibili.com/1548493733.xml
cid:  1549403948
http://comment.bilibili.com/1549403948.xml
cid:  1549549777
http://comment.bilibili.com/1549549777.xml
cid:  1548380203
http://comment.bilibili.com/1548380203.xml
cid:  1548686129
http://comment.bilibili.com/1548686129.xml
cid:  1544773052
http://comment.bilibili.com/1544773052.xml
cid:  1547522474
http://comment.bilibili.com/1547522474.xml
cid:  1550914293
http://comment.bilibili.com/1550914293.xml
cid:  1548585536
http://comment.bilibili.com/1548585536.xml
cid:  1548326493
http://comment.bilibili.com/1548326493.xml
cid:  1549761835
http://comment.bilibili.com/1549761835.xml
cid:  1549395483
http://comment.bilibili.com/1549395483.xml
cid:  1547172331
http://comment.bilibili.com/1547172331.xml
cid:  1546132628
http://comment.bilibili.com/1546132628.xml
cid:  1549709709
http://comment.bilibili.com/1549709709.xml
cid:  1549366162
http://comment.bilibili.com/1549366162.xml
cid:  1550617042
http://comment.bilibili.com/1550617042.xml
cid:  1546946026
http://comment.bilibili.com/1546946026.xml
cid:  1548747702
http://comment.bilibili.com/1548747702.xml
cid:  1548603910
http://comment.bilibili.com/1548603910.xml
cid:  1545835763
http://comment.bilibili.com/1545835763.xml
cid:  1547924616
http://comment.bilibili.com/1547924616.xml
cid:  1546668436
http://comment.bilibili.com/1546668436.xml
cid:  1548757426
http://comment.bilibili.com/1548757426.xml
cid:  1549048342
http://comment.bilibili.com/1549048342.xml
cid:  1548354259
http://comment.bilibili.com/1548354259.xml
cid:  1544913582
http://comment.bilibili.com/1544913582.xml
cid:  1547415024
http://comment.bilibili.com/1547415024.xml
cid:  1548948909
http://comment.bilibili.com/1548948909.xml
cid:  1549737211
http://comment.bilibili.com/1549737211.xml
cid:  1548602846
http://comment.bilibili.com/1548602846.xml
cid:  1548647588
http://comment.bilibili.com/1548647588.xml
cid:  1547094496
http://comment.bilibili.com/1547094496.xml
cid:  1548667400
http://comment.bilibili.com/1548667400.xml
cid:  1546478047
http://comment.bilibili.com/1546478047.xml
cid:  1550754282
http://comment.bilibili.com/1550754282.xml
cid:  1548825562
http://comment.bilibili.com/1548825562.xml
cid:  1547711163
http://comment.bilibili.com/1547711163.xml
cid:  1545872396
http://comment.bilibili.com/1545872396.xml
cid:  1549494097
http://comment.bilibili.com/1549494097.xml
cid:  1550331904
http://comment.bilibili.com/1550331904.xml
cid:  1539696596
http://comment.bilibili.com/1539696596.xml
cid:  1550287990
http://comment.bilibili.com/1550287990.xml
cid:  1546114667
http://comment.bilibili.com/1546114667.xml
cid:  1547864745
http://comment.bilibili.com/1547864745.xml
cid:  1548737640
http://comment.bilibili.com/1548737640.xml
cid:  1548750230
http://comment.bilibili.com/1548750230.xml
cid:  1551241412
http://comment.bilibili.com/1551241412.xml
cid:  1549412103
http://comment.bilibili.com/1549412103.xml
cid:  1540247989
http://comment.bilibili.com/1540247989.xml
cid:  1547114251
http://comment.bilibili.com/1547114251.xml
cid:  1549877447
http://comment.bilibili.com/1549877447.xml
cid:  1549272074
http://comment.bilibili.com/1549272074.xml
cid:  1547040046
http://comment.bilibili.com/1547040046.xml
cid:  1545354057
http://comment.bilibili.com/1545354057.xml
cid:  1549047854
http://comment.bilibili.com/1549047854.xml
cid:  1548509789
http://comment.bilibili.com/1548509789.xml
cid:  1540567930
http://comment.bilibili.com/1540567930.xml
cid:  1544655937
http://comment.bilibili.com/1544655937.xml
cid:  1541425789
http://comment.bilibili.com/1541425789.xml
cid:  1548540488
http://comment.bilibili.com/1548540488.xml
cid:  1548791727
http://comment.bilibili.com/1548791727.xml
cid:  1548963002
http://comment.bilibili.com/1548963002.xml
cid:  1550491739
http://comment.bilibili.com/1550491739.xml
cid:  1543124198
http://comment.bilibili.com/1543124198.xml
cid:  1548160248
http://comment.bilibili.com/1548160248.xml
cid:  1546059998
http://comment.bilibili.com/1546059998.xml
cid:  1548682294
http://comment.bilibili.com/1548682294.xml
cid:  1548012884
http://comment.bilibili.com/1548012884.xml
cid:  1548768890
http://comment.bilibili.com/1548768890.xml
cid:  1549800505
http://comment.bilibili.com/1549800505.xml
cid:  1548685744
http://comment.bilibili.com/1548685744.xml
cid:  1548606876
http://comment.bilibili.com/1548606876.xml
cid:  1544530312
http://comment.bilibili.com/1544530312.xml
cid:  1547428885
http://comment.bilibili.com/1547428885.xml
cid:  1549401319
http://comment.bilibili.com/1549401319.xml
cid:  1548862557
http://comment.bilibili.com/1548862557.xml
cid:  1549958740
http://comment.bilibili.com/1549958740.xml
cid:  1546616951
http://comment.bilibili.com/1546616951.xml
cid:  1548768146
http://comment.bilibili.com/1548768146.xml
cid:  1550139545
http://comment.bilibili.com/1550139545.xml
cid:  1540103913
http://comment.bilibili.com/1540103913.xml
cid:  1545630950
http://comment.bilibili.com/1545630950.xml
cid:  1548573481
http://comment.bilibili.com/1548573481.xml
cid:  1548328108
http://comment.bilibili.com/1548328108.xml
cid:  1548259728
http://comment.bilibili.com/1548259728.xml
cid:  1548459517
http://comment.bilibili.com/1548459517.xml
cid:  1543999165
http://comment.bilibili.com/1543999165.xml
cid:  1548591222
http://comment.bilibili.com/1548591222.xml
cid:  1550989960
http://comment.bilibili.com/1550989960.xml
cid:  1548738085
http://comment.bilibili.com/1548738085.xml
working in  music.csv
cid:  1548461632
http://comment.bilibili.com/1548461632.xml
cid:  1548511374
http://comment.bilibili.com/1548511374.xml
cid:  1545074241
http://comment.bilibili.com/1545074241.xml
cid:  1547313116
http://comment.bilibili.com/1547313116.xml
cid:  1547496340
http://comment.bilibili.com/1547496340.xml
cid:  1546374378
http://comment.bilibili.com/1546374378.xml
cid:  1547608178
http://comment.bilibili.com/1547608178.xml
cid:  1547201205
http://comment.bilibili.com/1547201205.xml
cid:  1548308551
http://comment.bilibili.com/1548308551.xml
cid:  1548614438
http://comment.bilibili.com/1548614438.xml
cid:  1545089612
http://comment.bilibili.com/1545089612.xml
cid:  1549252579
http://comment.bilibili.com/1549252579.xml
cid:  1548853651
http://comment.bilibili.com/1548853651.xml
cid:  1501762684
http://comment.bilibili.com/1501762684.xml
cid:  1545020301
http://comment.bilibili.com/1545020301.xml
cid:  1545622714
http://comment.bilibili.com/1545622714.xml
cid:  1549057458
http://comment.bilibili.com/1549057458.xml
cid:  1543404614
http://comment.bilibili.com/1543404614.xml
cid:  500001548745996
http://comment.bilibili.com/500001548745996.xml
cid:  1548721301
http://comment.bilibili.com/1548721301.xml
cid:  1546316667
http://comment.bilibili.com/1546316667.xml
cid:  1549662737
http://comment.bilibili.com/1549662737.xml
cid:  1546969866
http://comment.bilibili.com/1546969866.xml
cid:  1545147577
http://comment.bilibili.com/1545147577.xml
cid:  1549785628
http://comment.bilibili.com/1549785628.xml
cid:  1544976806
http://comment.bilibili.com/1544976806.xml
cid:  1548346465
http://comment.bilibili.com/1548346465.xml
cid:  1546512392
http://comment.bilibili.com/1546512392.xml
cid:  1404931659
http://comment.bilibili.com/1404931659.xml
cid:  1540397448
http://comment.bilibili.com/1540397448.xml
cid:  1546323926
http://comment.bilibili.com/1546323926.xml
cid:  1536642866
http://comment.bilibili.com/1536642866.xml
cid:  1546396385
http://comment.bilibili.com/1546396385.xml
cid:  1533257953
http://comment.bilibili.com/1533257953.xml
cid:  1549372927
http://comment.bilibili.com/1549372927.xml
cid:  1507218002
http://comment.bilibili.com/1507218002.xml
cid:  1527512398
http://comment.bilibili.com/1527512398.xml
cid:  1547205629
http://comment.bilibili.com/1547205629.xml
cid:  1546186014
http://comment.bilibili.com/1546186014.xml
cid:  1550181276
http://comment.bilibili.com/1550181276.xml
cid:  1542669654
http://comment.bilibili.com/1542669654.xml
cid:  1543639804
http://comment.bilibili.com/1543639804.xml
cid:  1548798595
http://comment.bilibili.com/1548798595.xml
cid:  1550134350
http://comment.bilibili.com/1550134350.xml
cid:  1525766970
http://comment.bilibili.com/1525766970.xml
cid:  1549115243
http://comment.bilibili.com/1549115243.xml
cid:  1549094868
http://comment.bilibili.com/1549094868.xml
cid:  1540864226
http://comment.bilibili.com/1540864226.xml
cid:  1532016939
http://comment.bilibili.com/1532016939.xml
cid:  1547582059
http://comment.bilibili.com/1547582059.xml
cid:  1549750002
http://comment.bilibili.com/1549750002.xml
cid:  1540778484
http://comment.bilibili.com/1540778484.xml
cid:  1493599916
http://comment.bilibili.com/1493599916.xml
cid:  1551163080
http://comment.bilibili.com/1551163080.xml
cid:  1520644688
http://comment.bilibili.com/1520644688.xml
cid:  1547418101
http://comment.bilibili.com/1547418101.xml
cid:  1530924715
http://comment.bilibili.com/1530924715.xml
cid:  1548645253
http://comment.bilibili.com/1548645253.xml
cid:  1544862877
http://comment.bilibili.com/1544862877.xml
cid:  1549977780
http://comment.bilibili.com/1549977780.xml
cid:  1550580477
http://comment.bilibili.com/1550580477.xml
cid:  1529764802
http://comment.bilibili.com/1529764802.xml
cid:  1547474048
http://comment.bilibili.com/1547474048.xml
cid:  1549121901
http://comment.bilibili.com/1549121901.xml
cid:  1542440047
http://comment.bilibili.com/1542440047.xml
cid:  1547639583
http://comment.bilibili.com/1547639583.xml
cid:  106217242
http://comment.bilibili.com/106217242.xml
cid:  1547201516
http://comment.bilibili.com/1547201516.xml
cid:  1547202735
http://comment.bilibili.com/1547202735.xml
cid:  1543605902
http://comment.bilibili.com/1543605902.xml
cid:  1542267644
http://comment.bilibili.com/1542267644.xml
cid:  1536219793
http://comment.bilibili.com/1536219793.xml
cid:  1547132751
http://comment.bilibili.com/1547132751.xml
cid:  1508703876
http://comment.bilibili.com/1508703876.xml
cid:  1549476978
http://comment.bilibili.com/1549476978.xml
cid:  1549760833
http://comment.bilibili.com/1549760833.xml
cid:  1415839563
http://comment.bilibili.com/1415839563.xml
cid:  1549097991
http://comment.bilibili.com/1549097991.xml
cid:  1548792656
http://comment.bilibili.com/1548792656.xml
cid:  1549226818
http://comment.bilibili.com/1549226818.xml
cid:  1547430233
http://comment.bilibili.com/1547430233.xml
cid:  1538126292
http://comment.bilibili.com/1538126292.xml
cid:  1545392956
http://comment.bilibili.com/1545392956.xml
cid:  1548814019
http://comment.bilibili.com/1548814019.xml
cid:  1549611643
http://comment.bilibili.com/1549611643.xml
cid:  1544535106
http://comment.bilibili.com/1544535106.xml
cid:  1537743809
http://comment.bilibili.com/1537743809.xml
cid:  1514094260
http://comment.bilibili.com/1514094260.xml
cid:  1536551403
http://comment.bilibili.com/1536551403.xml
cid:  1543561308
http://comment.bilibili.com/1543561308.xml
cid:  1547328738
http://comment.bilibili.com/1547328738.xml
cid:  1543962815
http://comment.bilibili.com/1543962815.xml
cid:  1549306982
http://comment.bilibili.com/1549306982.xml
cid:  1504631312
http://comment.bilibili.com/1504631312.xml
cid:  1549006117
http://comment.bilibili.com/1549006117.xml
cid:  1524769090
http://comment.bilibili.com/1524769090.xml
cid:  1546153422
http://comment.bilibili.com/1546153422.xml
cid:  1545362572
http://comment.bilibili.com/1545362572.xml
cid:  1546329974
http://comment.bilibili.com/1546329974.xml
cid:  1542330281
http://comment.bilibili.com/1542330281.xml
working in  dancing.csv
cid:  1547704342
http://comment.bilibili.com/1547704342.xml
cid:  1551036970
http://comment.bilibili.com/1551036970.xml
cid:  1548131751
http://comment.bilibili.com/1548131751.xml
cid:  1545306136
http://comment.bilibili.com/1545306136.xml
cid:  1549735021
http://comment.bilibili.com/1549735021.xml
cid:  1548391853
http://comment.bilibili.com/1548391853.xml
cid:  1548300210
http://comment.bilibili.com/1548300210.xml
cid:  1550057626
http://comment.bilibili.com/1550057626.xml
cid:  1549200465
http://comment.bilibili.com/1549200465.xml
cid:  1545683864
http://comment.bilibili.com/1545683864.xml
cid:  1546201170
http://comment.bilibili.com/1546201170.xml
cid:  1550002871
http://comment.bilibili.com/1550002871.xml
cid:  1546683136
http://comment.bilibili.com/1546683136.xml
cid:  1549331619
http://comment.bilibili.com/1549331619.xml
cid:  1547626413
http://comment.bilibili.com/1547626413.xml
cid:  1550800067
http://comment.bilibili.com/1550800067.xml
cid:  1550840797
http://comment.bilibili.com/1550840797.xml
cid:  1549851543
http://comment.bilibili.com/1549851543.xml
cid:  1545992145
http://comment.bilibili.com/1545992145.xml
cid:  1548834552
http://comment.bilibili.com/1548834552.xml
cid:  1548681171
http://comment.bilibili.com/1548681171.xml
cid:  1545496772
http://comment.bilibili.com/1545496772.xml
cid:  1550188103
http://comment.bilibili.com/1550188103.xml
cid:  1529436618
http://comment.bilibili.com/1529436618.xml
cid:  1549537801
http://comment.bilibili.com/1549537801.xml
cid:  1547396778
http://comment.bilibili.com/1547396778.xml
cid:  1544293853
http://comment.bilibili.com/1544293853.xml
cid:  1526285747
http://comment.bilibili.com/1526285747.xml
cid:  1549726998
http://comment.bilibili.com/1549726998.xml
cid:  1548419953
http://comment.bilibili.com/1548419953.xml
cid:  1548617620
http://comment.bilibili.com/1548617620.xml
cid:  1540888778
http://comment.bilibili.com/1540888778.xml
cid:  1548906196
http://comment.bilibili.com/1548906196.xml
cid:  1549997828
http://comment.bilibili.com/1549997828.xml
cid:  1549803468
http://comment.bilibili.com/1549803468.xml
cid:  1548606783
http://comment.bilibili.com/1548606783.xml
cid:  1538676017
http://comment.bilibili.com/1538676017.xml
cid:  1551098320
http://comment.bilibili.com/1551098320.xml
cid:  1547335376
http://comment.bilibili.com/1547335376.xml
cid:  1544804374
http://comment.bilibili.com/1544804374.xml
cid:  1548666730
http://comment.bilibili.com/1548666730.xml
cid:  1549994345
http://comment.bilibili.com/1549994345.xml
cid:  1548413288
http://comment.bilibili.com/1548413288.xml
cid:  1522877698
http://comment.bilibili.com/1522877698.xml
cid:  1547517080
http://comment.bilibili.com/1547517080.xml
cid:  1549609698
http://comment.bilibili.com/1549609698.xml
cid:  1525046227
http://comment.bilibili.com/1525046227.xml
cid:  1543935630
http://comment.bilibili.com/1543935630.xml
cid:  1538222894
http://comment.bilibili.com/1538222894.xml
cid:  1540467501
http://comment.bilibili.com/1540467501.xml
cid:  1546251087
http://comment.bilibili.com/1546251087.xml
cid:  1549201639
http://comment.bilibili.com/1549201639.xml
cid:  1546150351
http://comment.bilibili.com/1546150351.xml
cid:  1536831819
http://comment.bilibili.com/1536831819.xml
cid:  1548786931
http://comment.bilibili.com/1548786931.xml
cid:  1548743029
http://comment.bilibili.com/1548743029.xml
cid:  1550719584
http://comment.bilibili.com/1550719584.xml
cid:  1547790128
http://comment.bilibili.com/1547790128.xml
cid:  1540411479
http://comment.bilibili.com/1540411479.xml
cid:  1541459382
http://comment.bilibili.com/1541459382.xml
cid:  1528340939
http://comment.bilibili.com/1528340939.xml
cid:  1549705553
http://comment.bilibili.com/1549705553.xml
cid:  1542071737
http://comment.bilibili.com/1542071737.xml
cid:  1539689145
http://comment.bilibili.com/1539689145.xml
cid:  1546799378
http://comment.bilibili.com/1546799378.xml
cid:  1549874978
http://comment.bilibili.com/1549874978.xml
cid:  1540051581
http://comment.bilibili.com/1540051581.xml
cid:  1537818112
http://comment.bilibili.com/1537818112.xml
cid:  1525009674
http://comment.bilibili.com/1525009674.xml
cid:  1550761461
http://comment.bilibili.com/1550761461.xml
cid:  1546979330
http://comment.bilibili.com/1546979330.xml
cid:  1538015864
http://comment.bilibili.com/1538015864.xml
cid:  1548826943
http://comment.bilibili.com/1548826943.xml
cid:  1547662223
http://comment.bilibili.com/1547662223.xml
cid:  1551125328
http://comment.bilibili.com/1551125328.xml
cid:  1545741107
http://comment.bilibili.com/1545741107.xml
cid:  1549935672
http://comment.bilibili.com/1549935672.xml
cid:  1550678298
http://comment.bilibili.com/1550678298.xml
cid:  1550462807
http://comment.bilibili.com/1550462807.xml
cid:  1546720893
http://comment.bilibili.com/1546720893.xml
cid:  1549993886
http://comment.bilibili.com/1549993886.xml
cid:  1529684177
http://comment.bilibili.com/1529684177.xml
cid:  1547541924
http://comment.bilibili.com/1547541924.xml
cid:  1551107163
http://comment.bilibili.com/1551107163.xml
cid:  1548712563
http://comment.bilibili.com/1548712563.xml
cid:  1549698250
http://comment.bilibili.com/1549698250.xml
cid:  1550849443
http://comment.bilibili.com/1550849443.xml
cid:  1540760023
http://comment.bilibili.com/1540760023.xml
cid:  1548764816
http://comment.bilibili.com/1548764816.xml
cid:  1547718112
http://comment.bilibili.com/1547718112.xml
cid:  1547815153
http://comment.bilibili.com/1547815153.xml
cid:  1547786315
http://comment.bilibili.com/1547786315.xml
cid:  1550319413
http://comment.bilibili.com/1550319413.xml
cid:  1544974416
http://comment.bilibili.com/1544974416.xml
cid:  1546948378
http://comment.bilibili.com/1546948378.xml
cid:  1537272470
http://comment.bilibili.com/1537272470.xml
cid:  1539776094
http://comment.bilibili.com/1539776094.xml
cid:  1546109541
http://comment.bilibili.com/1546109541.xml
cid:  1524981730
http://comment.bilibili.com/1524981730.xml
cid:  1542412551
http://comment.bilibili.com/1542412551.xml
working in  games.csv
cid:  1551080467
http://comment.bilibili.com/1551080467.xml
cid:  1545809729
http://comment.bilibili.com/1545809729.xml
cid:  1548412426
http://comment.bilibili.com/1548412426.xml
cid:  1549318747
http://comment.bilibili.com/1549318747.xml
cid:  1547119157
http://comment.bilibili.com/1547119157.xml
cid:  1549272664
http://comment.bilibili.com/1549272664.xml
cid:  1549311213
http://comment.bilibili.com/1549311213.xml
cid:  1548694715
http://comment.bilibili.com/1548694715.xml
cid:  1548217602
http://comment.bilibili.com/1548217602.xml
cid:  1550211505
http://comment.bilibili.com/1550211505.xml
cid:  1548414311
http://comment.bilibili.com/1548414311.xml
cid:  1549271904
http://comment.bilibili.com/1549271904.xml
cid:  1549959082
http://comment.bilibili.com/1549959082.xml
cid:  1550398797
http://comment.bilibili.com/1550398797.xml
cid:  1547471727
http://comment.bilibili.com/1547471727.xml
cid:  1549955085
http://comment.bilibili.com/1549955085.xml
cid:  1549531771
http://comment.bilibili.com/1549531771.xml
cid:  1549735628
http://comment.bilibili.com/1549735628.xml
cid:  1549967169
http://comment.bilibili.com/1549967169.xml
cid:  1548910278
http://comment.bilibili.com/1548910278.xml
cid:  1548681226
http://comment.bilibili.com/1548681226.xml
cid:  1549227792
http://comment.bilibili.com/1549227792.xml
cid:  1546244113
http://comment.bilibili.com/1546244113.xml
cid:  1547375839
http://comment.bilibili.com/1547375839.xml
cid:  1549578289
http://comment.bilibili.com/1549578289.xml
cid:  1547997688
http://comment.bilibili.com/1547997688.xml
cid:  1549039468
http://comment.bilibili.com/1549039468.xml
cid:  1547126699
http://comment.bilibili.com/1547126699.xml
cid:  1550038641
http://comment.bilibili.com/1550038641.xml
cid:  1550949990
http://comment.bilibili.com/1550949990.xml
cid:  1549965125
http://comment.bilibili.com/1549965125.xml
cid:  1548884936
http://comment.bilibili.com/1548884936.xml
cid:  1548681902
http://comment.bilibili.com/1548681902.xml
cid:  1548675180
http://comment.bilibili.com/1548675180.xml
cid:  1549378558
http://comment.bilibili.com/1549378558.xml
cid:  1548396653
http://comment.bilibili.com/1548396653.xml
cid:  1548968595
http://comment.bilibili.com/1548968595.xml
cid:  1549547082
http://comment.bilibili.com/1549547082.xml
cid:  1547342496
http://comment.bilibili.com/1547342496.xml
cid:  1548788319
http://comment.bilibili.com/1548788319.xml
cid:  1548091883
http://comment.bilibili.com/1548091883.xml
cid:  1549826443
http://comment.bilibili.com/1549826443.xml
cid:  1550517469
http://comment.bilibili.com/1550517469.xml
cid:  1549213214
http://comment.bilibili.com/1549213214.xml
cid:  1548562641
http://comment.bilibili.com/1548562641.xml
cid:  1548631510
http://comment.bilibili.com/1548631510.xml
cid:  1548604566
http://comment.bilibili.com/1548604566.xml
cid:  1548721512
http://comment.bilibili.com/1548721512.xml
cid:  1548665446
http://comment.bilibili.com/1548665446.xml
cid:  1547412947
http://comment.bilibili.com/1547412947.xml
cid:  1548424563
http://comment.bilibili.com/1548424563.xml
cid:  1549599593
http://comment.bilibili.com/1549599593.xml
cid:  1548707634
http://comment.bilibili.com/1548707634.xml
cid:  1551274851
http://comment.bilibili.com/1551274851.xml
cid:  1548227133
http://comment.bilibili.com/1548227133.xml
cid:  1549164320
http://comment.bilibili.com/1549164320.xml
cid:  1548793457
http://comment.bilibili.com/1548793457.xml
cid:  1547495667
http://comment.bilibili.com/1547495667.xml
cid:  1545552339
http://comment.bilibili.com/1545552339.xml
cid:  1549387728
http://comment.bilibili.com/1549387728.xml
cid:  1548336623
http://comment.bilibili.com/1548336623.xml
cid:  1547541019
http://comment.bilibili.com/1547541019.xml
cid:  1546825434
http://comment.bilibili.com/1546825434.xml
cid:  1548513983
http://comment.bilibili.com/1548513983.xml
cid:  1546127215
http://comment.bilibili.com/1546127215.xml
cid:  1547513994
http://comment.bilibili.com/1547513994.xml
cid:  1549994420
http://comment.bilibili.com/1549994420.xml
cid:  1549962709
http://comment.bilibili.com/1549962709.xml
cid:  1548431569
http://comment.bilibili.com/1548431569.xml
cid:  1546106357
http://comment.bilibili.com/1546106357.xml
cid:  1547275903
http://comment.bilibili.com/1547275903.xml
cid:  1547223868
http://comment.bilibili.com/1547223868.xml
cid:  1544750311
http://comment.bilibili.com/1544750311.xml
cid:  1546573752
http://comment.bilibili.com/1546573752.xml
cid:  1548729241
http://comment.bilibili.com/1548729241.xml
cid:  1544940592
http://comment.bilibili.com/1544940592.xml
cid:  1550290697
http://comment.bilibili.com/1550290697.xml
cid:  1548287111
http://comment.bilibili.com/1548287111.xml
cid:  1548317670
http://comment.bilibili.com/1548317670.xml
cid:  1548368198
http://comment.bilibili.com/1548368198.xml
cid:  1548593794
http://comment.bilibili.com/1548593794.xml
cid:  1549967781
http://comment.bilibili.com/1549967781.xml
cid:  1549887169
http://comment.bilibili.com/1549887169.xml
cid:  1543554584
http://comment.bilibili.com/1543554584.xml
cid:  1548755246
http://comment.bilibili.com/1548755246.xml
cid:  1542487263
http://comment.bilibili.com/1542487263.xml
cid:  1548711439
http://comment.bilibili.com/1548711439.xml
cid:  1548446005
http://comment.bilibili.com/1548446005.xml
cid:  1549226532
http://comment.bilibili.com/1549226532.xml
cid:  1547518004
http://comment.bilibili.com/1547518004.xml
cid:  1547465038
http://comment.bilibili.com/1547465038.xml
cid:  1548743622
http://comment.bilibili.com/1548743622.xml
cid:  1548924894
http://comment.bilibili.com/1548924894.xml
cid:  1549109721
http://comment.bilibili.com/1549109721.xml
cid:  1546571063
http://comment.bilibili.com/1546571063.xml
cid:  1549652453
http://comment.bilibili.com/1549652453.xml
cid:  1548506214
http://comment.bilibili.com/1548506214.xml
cid:  1549717126
http://comment.bilibili.com/1549717126.xml
cid:  1542009560
http://comment.bilibili.com/1542009560.xml
cid:  1550568440
http://comment.bilibili.com/1550568440.xml
working in  knowledge.csv
cid:  1548749705
http://comment.bilibili.com/1548749705.xml
cid:  1549370122
http://comment.bilibili.com/1549370122.xml
cid:  1549862802
http://comment.bilibili.com/1549862802.xml
cid:  1547361444
http://comment.bilibili.com/1547361444.xml
cid:  1549650251
http://comment.bilibili.com/1549650251.xml
cid:  1548762190
http://comment.bilibili.com/1548762190.xml
cid:  1549937117
http://comment.bilibili.com/1549937117.xml
cid:  1549503587
http://comment.bilibili.com/1549503587.xml
cid:  1548436811
http://comment.bilibili.com/1548436811.xml
cid:  1550448676
http://comment.bilibili.com/1550448676.xml
cid:  1547004914
http://comment.bilibili.com/1547004914.xml
cid:  1547229995
http://comment.bilibili.com/1547229995.xml
cid:  1547525061
http://comment.bilibili.com/1547525061.xml
cid:  1547504941
http://comment.bilibili.com/1547504941.xml
cid:  1551143158
http://comment.bilibili.com/1551143158.xml
cid:  1548615671
http://comment.bilibili.com/1548615671.xml
cid:  1548793965
http://comment.bilibili.com/1548793965.xml
cid:  1548800061
http://comment.bilibili.com/1548800061.xml
cid:  1548792499
http://comment.bilibili.com/1548792499.xml
cid:  1548384990
http://comment.bilibili.com/1548384990.xml
cid:  1548499025
http://comment.bilibili.com/1548499025.xml
cid:  1545684161
http://comment.bilibili.com/1545684161.xml
cid:  1548383672
http://comment.bilibili.com/1548383672.xml
cid:  1547712392
http://comment.bilibili.com/1547712392.xml
cid:  1548429673
http://comment.bilibili.com/1548429673.xml
cid:  1548691835
http://comment.bilibili.com/1548691835.xml
cid:  1548198013
http://comment.bilibili.com/1548198013.xml
cid:  1548522796
http://comment.bilibili.com/1548522796.xml
cid:  1547583084
http://comment.bilibili.com/1547583084.xml
cid:  1548969939
http://comment.bilibili.com/1548969939.xml
cid:  1547433915
http://comment.bilibili.com/1547433915.xml
cid:  1550062579
http://comment.bilibili.com/1550062579.xml
cid:  1546899302
http://comment.bilibili.com/1546899302.xml
cid:  1548208295
http://comment.bilibili.com/1548208295.xml
cid:  1547244384
http://comment.bilibili.com/1547244384.xml
cid:  1547634047
http://comment.bilibili.com/1547634047.xml
cid:  1545645000
http://comment.bilibili.com/1545645000.xml
cid:  1547121890
http://comment.bilibili.com/1547121890.xml
cid:  1547376084
http://comment.bilibili.com/1547376084.xml
cid:  1547792875
http://comment.bilibili.com/1547792875.xml
cid:  1548263161
http://comment.bilibili.com/1548263161.xml
cid:  1547365016
http://comment.bilibili.com/1547365016.xml
cid:  1546932563
http://comment.bilibili.com/1546932563.xml
cid:  1541771268
http://comment.bilibili.com/1541771268.xml
cid:  1546355308
http://comment.bilibili.com/1546355308.xml
cid:  1551200256
http://comment.bilibili.com/1551200256.xml
cid:  1549590602
http://comment.bilibili.com/1549590602.xml
cid:  1548393667
http://comment.bilibili.com/1548393667.xml
cid:  1548929924
http://comment.bilibili.com/1548929924.xml
cid:  1547567503
http://comment.bilibili.com/1547567503.xml
cid:  1547794945
http://comment.bilibili.com/1547794945.xml
cid:  1548656263
http://comment.bilibili.com/1548656263.xml
cid:  1538196704
http://comment.bilibili.com/1538196704.xml
cid:  1544694588
http://comment.bilibili.com/1544694588.xml
cid:  1537813789
http://comment.bilibili.com/1537813789.xml
cid:  1549171501
http://comment.bilibili.com/1549171501.xml
cid:  1549475808
http://comment.bilibili.com/1549475808.xml
cid:  1548823366
http://comment.bilibili.com/1548823366.xml
cid:  1547443665
http://comment.bilibili.com/1547443665.xml
cid:  1550066199
http://comment.bilibili.com/1550066199.xml
cid:  1544934874
http://comment.bilibili.com/1544934874.xml
cid:  1547983229
http://comment.bilibili.com/1547983229.xml
cid:  1546276755
http://comment.bilibili.com/1546276755.xml
cid:  1549315039
http://comment.bilibili.com/1549315039.xml
cid:  1550626674
http://comment.bilibili.com/1550626674.xml
cid:  1547754385
http://comment.bilibili.com/1547754385.xml
cid:  1540995276
http://comment.bilibili.com/1540995276.xml
cid:  1541350307
http://comment.bilibili.com/1541350307.xml
cid:  1548946123
http://comment.bilibili.com/1548946123.xml
cid:  1547058429
http://comment.bilibili.com/1547058429.xml
cid:  1551004760
http://comment.bilibili.com/1551004760.xml
cid:  1400301586
http://comment.bilibili.com/1400301586.xml
cid:  1547517124
http://comment.bilibili.com/1547517124.xml
cid:  1546157976
http://comment.bilibili.com/1546157976.xml
cid:  1529496447
http://comment.bilibili.com/1529496447.xml
cid:  1551017741
http://comment.bilibili.com/1551017741.xml
cid:  1551228575
http://comment.bilibili.com/1551228575.xml
cid:  1546031990
http://comment.bilibili.com/1546031990.xml
cid:  1549892680
http://comment.bilibili.com/1549892680.xml
cid:  1547450158
http://comment.bilibili.com/1547450158.xml
cid:  1550055680
http://comment.bilibili.com/1550055680.xml
cid:  1542479769
http://comment.bilibili.com/1542479769.xml
cid:  1543689243
http://comment.bilibili.com/1543689243.xml
cid:  1541988146
http://comment.bilibili.com/1541988146.xml
cid:  1546429380
http://comment.bilibili.com/1546429380.xml
cid:  1548217841
http://comment.bilibili.com/1548217841.xml
cid:  1548354989
http://comment.bilibili.com/1548354989.xml
cid:  1546986929
http://comment.bilibili.com/1546986929.xml
cid:  1544362944
http://comment.bilibili.com/1544362944.xml
cid:  1542049236
http://comment.bilibili.com/1542049236.xml
cid:  1549999962
http://comment.bilibili.com/1549999962.xml
cid:  1527871636
http://comment.bilibili.com/1527871636.xml
cid:  1551016687
http://comment.bilibili.com/1551016687.xml
cid:  1547368256
http://comment.bilibili.com/1547368256.xml
cid:  1548525069
http://comment.bilibili.com/1548525069.xml
cid:  1412129730
http://comment.bilibili.com/1412129730.xml
cid:  1547311913
http://comment.bilibili.com/1547311913.xml
cid:  1549103894
http://comment.bilibili.com/1549103894.xml
cid:  1549362974
http://comment.bilibili.com/1549362974.xml
Traceback (most recent call last):
  File "main.py", line 31, in <module>
    getOthers(all_data = all_data, all_comment = all_comment)
  File "/root/big-data/src/crawler/crawler.py", line 131, in getOthers
    comment_list, comment_video_time_list, comment_real_time_list = iterCrawlComment(cid_list)
  File "/root/big-data/src/crawler/crawler.py", line 149, in iterCrawlComment
    time.sleep(0.5)
KeyboardInterrupt
